#1 [internal] load local bake definitions
#1 reading from stdin 1.02kB done
#1 DONE 0.0s

#2 [hive-metastore internal] load build definition from Dockerfile.hive
#2 transferring dockerfile: 808B 0.0s done
#2 DONE 0.1s

#3 [spark-master internal] load build definition from Dockerfile.spark
#3 transferring dockerfile: 1.02kB 0.0s done
#3 DONE 0.2s

#4 [spark-master internal] load metadata for docker.io/bitnamilegacy/spark:3.5
#4 ...

#5 [auth] apache/hive:pull token for registry-1.docker.io
#5 DONE 0.0s

#6 [auth] bitnamilegacy/spark:pull token for registry-1.docker.io
#6 DONE 0.0s

#7 [hive-metastore internal] load metadata for docker.io/apache/hive:4.0.0
#7 ...

#4 [spark-master internal] load metadata for docker.io/bitnamilegacy/spark:3.5
#4 DONE 4.4s

#7 [hive-metastore internal] load metadata for docker.io/apache/hive:4.0.0
#7 DONE 4.4s

#8 [hive-metastore internal] load .dockerignore
#8 transferring context: 2B done
#8 DONE 0.1s

#9 [spark-master internal] load build context
#9 DONE 0.0s

#10 [hive-metastore 1/3] FROM docker.io/apache/hive:4.0.0@sha256:c0b241c544d341c16a6d8cafcb801a071be9b02054a5add255e9a0e826095e88
#10 resolve docker.io/apache/hive:4.0.0@sha256:c0b241c544d341c16a6d8cafcb801a071be9b02054a5add255e9a0e826095e88 0.1s done
#10 ...

#11 [spark-master 1/3] FROM docker.io/bitnamilegacy/spark:3.5@sha256:353e23d86c7952781042b4e91d1e2b018335f565430e449fff017269a273097f
#11 resolve docker.io/bitnamilegacy/spark:3.5@sha256:353e23d86c7952781042b4e91d1e2b018335f565430e449fff017269a273097f 0.1s done
#11 DONE 0.3s

#9 [spark-master internal] load build context
#9 transferring context: 1.52kB 0.0s done
#9 DONE 0.3s

#11 [spark-master 1/3] FROM docker.io/bitnamilegacy/spark:3.5@sha256:353e23d86c7952781042b4e91d1e2b018335f565430e449fff017269a273097f
#11 sha256:34cbfdd855a9e27cf963914c024b982eb1927a97f2968307f57842609dd7b817 0B / 865.40MB 0.3s
#11 ...

#12 [hive-metastore 2/3] ADD https://repo1.maven.org/maven2/org/postgresql/postgresql/42.7.4/postgresql-42.7.4.jar     /opt/hive/lib/postgresql-42.7.4.jar
#12 DONE 0.9s

#12 [hive-metastore 2/3] ADD https://repo1.maven.org/maven2/org/postgresql/postgresql/42.7.4/postgresql-42.7.4.jar     /opt/hive/lib/postgresql-42.7.4.jar
#12 DONE 0.9s

#10 [hive-metastore 1/3] FROM docker.io/apache/hive:4.0.0@sha256:c0b241c544d341c16a6d8cafcb801a071be9b02054a5add255e9a0e826095e88
#10 DONE 1.1s

#11 [spark-master 1/3] FROM docker.io/bitnamilegacy/spark:3.5@sha256:353e23d86c7952781042b4e91d1e2b018335f565430e449fff017269a273097f
#11 sha256:34cbfdd855a9e27cf963914c024b982eb1927a97f2968307f57842609dd7b817 17.83MB / 865.40MB 5.4s
#11 ...

#10 [hive-metastore 1/3] FROM docker.io/apache/hive:4.0.0@sha256:c0b241c544d341c16a6d8cafcb801a071be9b02054a5add255e9a0e826095e88
#10 sha256:4f4fb700ef54461cfa02571ae0db9a0dc1e0cdb5577484a6d75e68dc38e8acc1 32B / 32B 0.5s done
#10 sha256:09650b2195585d7ec4611047450ef32dee53a8522d90b4ee363c7bd2ffaa076b 1.93kB / 1.93kB 0.9s done
#10 sha256:ec49bc66c13d363ef28281c7ea155b07e72c87bca0fb77a77fce8bec158b6d96 953B / 953B 2.1s done
#10 sha256:b8efbde49f77a360c0a58a746f1f993a8180cbd06220e280183bde4a61f4533c 1.18kB / 1.18kB 1.8s done
#10 sha256:f83c96cf43e9f223ca64a8708019ec1d2cfad082cb229bde41da2f0b798c913f 1.18kB / 1.18kB 1.3s done
#10 sha256:e9ed7de0daff6231ffaf24260d338194590ac96d4268342969219cca3a17c27b 796.99kB / 796.99kB 3.6s done
#10 sha256:04acb178ffe49a85b830e87651bc024f6fce72243e3cd5d667e23c61551a1669 0B / 19.07MB 4.2s
#10 sha256:efd22504ff0add37ce8095c099011bb174ac3d60087747f353b69087559eb6d2 0B / 367.78MB 4.2s
#10 sha256:acb32ec93a5d9d2b9119c86e986a5d5d64f8d0c128d693690b02376140e652d5 0B / 688.28MB 0.8s
#10 sha256:04acb178ffe49a85b830e87651bc024f6fce72243e3cd5d667e23c61551a1669 1.05MB / 19.07MB 4.8s
#10 sha256:04acb178ffe49a85b830e87651bc024f6fce72243e3cd5d667e23c61551a1669 2.10MB / 19.07MB 9.2s
#10 sha256:efd22504ff0add37ce8095c099011bb174ac3d60087747f353b69087559eb6d2 1.05MB / 367.78MB 9.3s
#10 sha256:acb32ec93a5d9d2b9119c86e986a5d5d64f8d0c128d693690b02376140e652d5 1.05MB / 688.28MB 5.9s
#10 sha256:04acb178ffe49a85b830e87651bc024f6fce72243e3cd5d667e23c61551a1669 3.15MB / 19.07MB 12.5s
#10 ...

#11 [spark-master 1/3] FROM docker.io/bitnamilegacy/spark:3.5@sha256:353e23d86c7952781042b4e91d1e2b018335f565430e449fff017269a273097f
#11 sha256:34cbfdd855a9e27cf963914c024b982eb1927a97f2968307f57842609dd7b817 42.99MB / 865.40MB 17.3s
#11 ...

#10 [hive-metastore 1/3] FROM docker.io/apache/hive:4.0.0@sha256:c0b241c544d341c16a6d8cafcb801a071be9b02054a5add255e9a0e826095e88
#10 sha256:efd22504ff0add37ce8095c099011bb174ac3d60087747f353b69087559eb6d2 1.05MB / 367.78MB 14.4s
#10 sha256:acb32ec93a5d9d2b9119c86e986a5d5d64f8d0c128d693690b02376140e652d5 2.10MB / 688.28MB 11.0s
#10 sha256:04acb178ffe49a85b830e87651bc024f6fce72243e3cd5d667e23c61551a1669 4.19MB / 19.07MB 17.1s
#10 sha256:efd22504ff0add37ce8095c099011bb174ac3d60087747f353b69087559eb6d2 2.10MB / 367.78MB 19.5s
#10 sha256:acb32ec93a5d9d2b9119c86e986a5d5d64f8d0c128d693690b02376140e652d5 3.15MB / 688.28MB 16.0s
#10 sha256:04acb178ffe49a85b830e87651bc024f6fce72243e3cd5d667e23c61551a1669 5.24MB / 19.07MB 20.7s
#10 sha256:04acb178ffe49a85b830e87651bc024f6fce72243e3cd5d667e23c61551a1669 6.29MB / 19.07MB 23.3s
#10 ...

#11 [spark-master 1/3] FROM docker.io/bitnamilegacy/spark:3.5@sha256:353e23d86c7952781042b4e91d1e2b018335f565430e449fff017269a273097f
#11 sha256:34cbfdd855a9e27cf963914c024b982eb1927a97f2968307f57842609dd7b817 71.30MB / 865.40MB 27.4s
#11 ...

#10 [hive-metastore 1/3] FROM docker.io/apache/hive:4.0.0@sha256:c0b241c544d341c16a6d8cafcb801a071be9b02054a5add255e9a0e826095e88
#10 sha256:efd22504ff0add37ce8095c099011bb174ac3d60087747f353b69087559eb6d2 4.19MB / 367.78MB 24.6s
#10 sha256:acb32ec93a5d9d2b9119c86e986a5d5d64f8d0c128d693690b02376140e652d5 6.29MB / 688.28MB 21.2s
#10 sha256:04acb178ffe49a85b830e87651bc024f6fce72243e3cd5d667e23c61551a1669 7.34MB / 19.07MB 26.3s
#10 sha256:efd22504ff0add37ce8095c099011bb174ac3d60087747f353b69087559eb6d2 4.19MB / 367.78MB 29.7s
#10 sha256:acb32ec93a5d9d2b9119c86e986a5d5d64f8d0c128d693690b02376140e652d5 7.34MB / 688.28MB 26.3s
#10 sha256:04acb178ffe49a85b830e87651bc024f6fce72243e3cd5d667e23c61551a1669 8.39MB / 19.07MB 30.6s
#10 sha256:04acb178ffe49a85b830e87651bc024f6fce72243e3cd5d667e23c61551a1669 9.44MB / 19.07MB 33.0s
#10 sha256:04acb178ffe49a85b830e87651bc024f6fce72243e3cd5d667e23c61551a1669 10.49MB / 19.07MB 34.1s
#10 ...

#11 [spark-master 1/3] FROM docker.io/bitnamilegacy/spark:3.5@sha256:353e23d86c7952781042b4e91d1e2b018335f565430e449fff017269a273097f
#11 sha256:34cbfdd855a9e27cf963914c024b982eb1927a97f2968307f57842609dd7b817 88.08MB / 865.40MB 37.6s
#11 ...

#10 [hive-metastore 1/3] FROM docker.io/apache/hive:4.0.0@sha256:c0b241c544d341c16a6d8cafcb801a071be9b02054a5add255e9a0e826095e88
#10 sha256:04acb178ffe49a85b830e87651bc024f6fce72243e3cd5d667e23c61551a1669 11.53MB / 19.07MB 34.8s
#10 sha256:efd22504ff0add37ce8095c099011bb174ac3d60087747f353b69087559eb6d2 7.34MB / 367.78MB 34.8s
#10 sha256:acb32ec93a5d9d2b9119c86e986a5d5d64f8d0c128d693690b02376140e652d5 10.49MB / 688.28MB 31.4s
#10 sha256:04acb178ffe49a85b830e87651bc024f6fce72243e3cd5d667e23c61551a1669 12.58MB / 19.07MB 36.3s
#10 sha256:04acb178ffe49a85b830e87651bc024f6fce72243e3cd5d667e23c61551a1669 13.63MB / 19.07MB 37.5s
#10 sha256:04acb178ffe49a85b830e87651bc024f6fce72243e3cd5d667e23c61551a1669 14.68MB / 19.07MB 38.4s
#10 sha256:04acb178ffe49a85b830e87651bc024f6fce72243e3cd5d667e23c61551a1669 15.73MB / 19.07MB 39.4s
#10 sha256:efd22504ff0add37ce8095c099011bb174ac3d60087747f353b69087559eb6d2 12.58MB / 367.78MB 39.9s
#10 sha256:acb32ec93a5d9d2b9119c86e986a5d5d64f8d0c128d693690b02376140e652d5 15.73MB / 688.28MB 36.4s
#10 sha256:04acb178ffe49a85b830e87651bc024f6fce72243e3cd5d667e23c61551a1669 16.78MB / 19.07MB 41.0s
#10 sha256:04acb178ffe49a85b830e87651bc024f6fce72243e3cd5d667e23c61551a1669 17.83MB / 19.07MB 42.0s
#10 sha256:04acb178ffe49a85b830e87651bc024f6fce72243e3cd5d667e23c61551a1669 18.87MB / 19.07MB 43.0s
#10 sha256:04acb178ffe49a85b830e87651bc024f6fce72243e3cd5d667e23c61551a1669 19.07MB / 19.07MB 43.3s done
#10 sha256:d2421c7a4bbfc037d7fb487893cc5fe145e329dfb39b5ee6557016bf6c34072d 0B / 41.70MB 0.2s
#10 ...

#11 [spark-master 1/3] FROM docker.io/bitnamilegacy/spark:3.5@sha256:353e23d86c7952781042b4e91d1e2b018335f565430e449fff017269a273097f
#11 sha256:34cbfdd855a9e27cf963914c024b982eb1927a97f2968307f57842609dd7b817 119.54MB / 865.40MB 47.8s
#11 ...

#10 [hive-metastore 1/3] FROM docker.io/apache/hive:4.0.0@sha256:c0b241c544d341c16a6d8cafcb801a071be9b02054a5add255e9a0e826095e88
#10 sha256:efd22504ff0add37ce8095c099011bb174ac3d60087747f353b69087559eb6d2 18.87MB / 367.78MB 45.0s
#10 sha256:acb32ec93a5d9d2b9119c86e986a5d5d64f8d0c128d693690b02376140e652d5 20.97MB / 688.28MB 41.5s
#10 sha256:d2421c7a4bbfc037d7fb487893cc5fe145e329dfb39b5ee6557016bf6c34072d 2.10MB / 41.70MB 4.2s
#10 sha256:efd22504ff0add37ce8095c099011bb174ac3d60087747f353b69087559eb6d2 23.07MB / 367.78MB 50.1s
#10 sha256:acb32ec93a5d9d2b9119c86e986a5d5d64f8d0c128d693690b02376140e652d5 26.21MB / 688.28MB 46.6s
#10 sha256:d2421c7a4bbfc037d7fb487893cc5fe145e329dfb39b5ee6557016bf6c34072d 4.19MB / 41.70MB 6.8s
#10 ...

#11 [spark-master 1/3] FROM docker.io/bitnamilegacy/spark:3.5@sha256:353e23d86c7952781042b4e91d1e2b018335f565430e449fff017269a273097f
#11 sha256:34cbfdd855a9e27cf963914c024b982eb1927a97f2968307f57842609dd7b817 133.17MB / 865.40MB 58.0s
#11 ...

#10 [hive-metastore 1/3] FROM docker.io/apache/hive:4.0.0@sha256:c0b241c544d341c16a6d8cafcb801a071be9b02054a5add255e9a0e826095e88
#10 sha256:efd22504ff0add37ce8095c099011bb174ac3d60087747f353b69087559eb6d2 24.12MB / 367.78MB 55.2s
#10 sha256:acb32ec93a5d9d2b9119c86e986a5d5d64f8d0c128d693690b02376140e652d5 27.26MB / 688.28MB 51.7s
#10 sha256:d2421c7a4bbfc037d7fb487893cc5fe145e329dfb39b5ee6557016bf6c34072d 5.24MB / 41.70MB 11.9s
#10 sha256:efd22504ff0add37ce8095c099011bb174ac3d60087747f353b69087559eb6d2 25.17MB / 367.78MB 60.3s
#10 sha256:acb32ec93a5d9d2b9119c86e986a5d5d64f8d0c128d693690b02376140e652d5 28.31MB / 688.28MB 56.8s
#10 sha256:d2421c7a4bbfc037d7fb487893cc5fe145e329dfb39b5ee6557016bf6c34072d 5.24MB / 41.70MB 17.0s
#10 sha256:d2421c7a4bbfc037d7fb487893cc5fe145e329dfb39b5ee6557016bf6c34072d 7.34MB / 41.70MB 18.6s
#10 ...

#11 [spark-master 1/3] FROM docker.io/bitnamilegacy/spark:3.5@sha256:353e23d86c7952781042b4e91d1e2b018335f565430e449fff017269a273097f
#11 sha256:34cbfdd855a9e27cf963914c024b982eb1927a97f2968307f57842609dd7b817 138.41MB / 865.40MB 68.2s
#11 ...

#10 [hive-metastore 1/3] FROM docker.io/apache/hive:4.0.0@sha256:c0b241c544d341c16a6d8cafcb801a071be9b02054a5add255e9a0e826095e88
#10 sha256:efd22504ff0add37ce8095c099011bb174ac3d60087747f353b69087559eb6d2 28.31MB / 367.78MB 65.4s
#10 sha256:acb32ec93a5d9d2b9119c86e986a5d5d64f8d0c128d693690b02376140e652d5 32.51MB / 688.28MB 61.9s
#10 sha256:d2421c7a4bbfc037d7fb487893cc5fe145e329dfb39b5ee6557016bf6c34072d 9.44MB / 41.70MB 22.8s
#10 sha256:d2421c7a4bbfc037d7fb487893cc5fe145e329dfb39b5ee6557016bf6c34072d 11.53MB / 41.70MB 25.8s
#10 sha256:efd22504ff0add37ce8095c099011bb174ac3d60087747f353b69087559eb6d2 31.46MB / 367.78MB 70.5s
#10 sha256:acb32ec93a5d9d2b9119c86e986a5d5d64f8d0c128d693690b02376140e652d5 37.75MB / 688.28MB 67.0s
#10 sha256:d2421c7a4bbfc037d7fb487893cc5fe145e329dfb39b5ee6557016bf6c34072d 13.63MB / 41.70MB 28.9s
#10 sha256:d2421c7a4bbfc037d7fb487893cc5fe145e329dfb39b5ee6557016bf6c34072d 15.73MB / 41.70MB 31.2s
#10 ...

#11 [spark-master 1/3] FROM docker.io/bitnamilegacy/spark:3.5@sha256:353e23d86c7952781042b4e91d1e2b018335f565430e449fff017269a273097f
#11 sha256:34cbfdd855a9e27cf963914c024b982eb1927a97f2968307f57842609dd7b817 154.14MB / 865.40MB 78.4s
#11 ...

#10 [hive-metastore 1/3] FROM docker.io/apache/hive:4.0.0@sha256:c0b241c544d341c16a6d8cafcb801a071be9b02054a5add255e9a0e826095e88
#10 sha256:efd22504ff0add37ce8095c099011bb174ac3d60087747f353b69087559eb6d2 35.65MB / 367.78MB 75.6s
#10 sha256:acb32ec93a5d9d2b9119c86e986a5d5d64f8d0c128d693690b02376140e652d5 46.14MB / 688.28MB 72.1s
#10 sha256:d2421c7a4bbfc037d7fb487893cc5fe145e329dfb39b5ee6557016bf6c34072d 17.83MB / 41.70MB 33.7s
#10 sha256:d2421c7a4bbfc037d7fb487893cc5fe145e329dfb39b5ee6557016bf6c34072d 19.92MB / 41.70MB 36.1s
#10 sha256:efd22504ff0add37ce8095c099011bb174ac3d60087747f353b69087559eb6d2 39.85MB / 367.78MB 80.7s
#10 sha256:acb32ec93a5d9d2b9119c86e986a5d5d64f8d0c128d693690b02376140e652d5 53.48MB / 688.28MB 77.2s
#10 sha256:d2421c7a4bbfc037d7fb487893cc5fe145e329dfb39b5ee6557016bf6c34072d 22.02MB / 41.70MB 38.4s
#10 sha256:d2421c7a4bbfc037d7fb487893cc5fe145e329dfb39b5ee6557016bf6c34072d 24.12MB / 41.70MB 41.1s
#10 ...

#11 [spark-master 1/3] FROM docker.io/bitnamilegacy/spark:3.5@sha256:353e23d86c7952781042b4e91d1e2b018335f565430e449fff017269a273097f
#11 sha256:34cbfdd855a9e27cf963914c024b982eb1927a97f2968307f57842609dd7b817 169.87MB / 865.40MB 88.6s
#11 ...

#10 [hive-metastore 1/3] FROM docker.io/apache/hive:4.0.0@sha256:c0b241c544d341c16a6d8cafcb801a071be9b02054a5add255e9a0e826095e88
#10 sha256:efd22504ff0add37ce8095c099011bb174ac3d60087747f353b69087559eb6d2 45.09MB / 367.78MB 85.8s
#10 sha256:acb32ec93a5d9d2b9119c86e986a5d5d64f8d0c128d693690b02376140e652d5 58.72MB / 688.28MB 82.3s
#10 sha256:d2421c7a4bbfc037d7fb487893cc5fe145e329dfb39b5ee6557016bf6c34072d 26.21MB / 41.70MB 45.1s
#10 sha256:efd22504ff0add37ce8095c099011bb174ac3d60087747f353b69087559eb6d2 48.23MB / 367.78MB 90.9s
#10 sha256:acb32ec93a5d9d2b9119c86e986a5d5d64f8d0c128d693690b02376140e652d5 62.91MB / 688.28MB 87.4s
#10 sha256:d2421c7a4bbfc037d7fb487893cc5fe145e329dfb39b5ee6557016bf6c34072d 27.26MB / 41.70MB 50.2s
#10 sha256:d2421c7a4bbfc037d7fb487893cc5fe145e329dfb39b5ee6557016bf6c34072d 29.36MB / 41.70MB 51.9s
#10 ...

#11 [spark-master 1/3] FROM docker.io/bitnamilegacy/spark:3.5@sha256:353e23d86c7952781042b4e91d1e2b018335f565430e449fff017269a273097f
#11 sha256:34cbfdd855a9e27cf963914c024b982eb1927a97f2968307f57842609dd7b817 181.40MB / 865.40MB 98.8s
#11 ...

#10 [hive-metastore 1/3] FROM docker.io/apache/hive:4.0.0@sha256:c0b241c544d341c16a6d8cafcb801a071be9b02054a5add255e9a0e826095e88
#10 sha256:efd22504ff0add37ce8095c099011bb174ac3d60087747f353b69087559eb6d2 52.43MB / 367.78MB 96.0s
#10 sha256:acb32ec93a5d9d2b9119c86e986a5d5d64f8d0c128d693690b02376140e652d5 65.01MB / 688.28MB 92.5s
#10 sha256:d2421c7a4bbfc037d7fb487893cc5fe145e329dfb39b5ee6557016bf6c34072d 31.46MB / 41.70MB 54.1s
#10 sha256:d2421c7a4bbfc037d7fb487893cc5fe145e329dfb39b5ee6557016bf6c34072d 33.55MB / 41.70MB 57.1s
#10 sha256:efd22504ff0add37ce8095c099011bb174ac3d60087747f353b69087559eb6d2 56.62MB / 367.78MB 101.1s
#10 sha256:acb32ec93a5d9d2b9119c86e986a5d5d64f8d0c128d693690b02376140e652d5 69.21MB / 688.28MB 97.6s
#10 sha256:d2421c7a4bbfc037d7fb487893cc5fe145e329dfb39b5ee6557016bf6c34072d 35.65MB / 41.70MB 60.1s
#10 sha256:d2421c7a4bbfc037d7fb487893cc5fe145e329dfb39b5ee6557016bf6c34072d 37.75MB / 41.70MB 62.5s
#10 ...

#11 [spark-master 1/3] FROM docker.io/bitnamilegacy/spark:3.5@sha256:353e23d86c7952781042b4e91d1e2b018335f565430e449fff017269a273097f
#11 sha256:34cbfdd855a9e27cf963914c024b982eb1927a97f2968307f57842609dd7b817 196.08MB / 865.40MB 109.0s
#11 ...

#10 [hive-metastore 1/3] FROM docker.io/apache/hive:4.0.0@sha256:c0b241c544d341c16a6d8cafcb801a071be9b02054a5add255e9a0e826095e88
#10 sha256:efd22504ff0add37ce8095c099011bb174ac3d60087747f353b69087559eb6d2 62.91MB / 367.78MB 106.2s
#10 sha256:acb32ec93a5d9d2b9119c86e986a5d5d64f8d0c128d693690b02376140e652d5 73.40MB / 688.28MB 102.7s
#10 sha256:d2421c7a4bbfc037d7fb487893cc5fe145e329dfb39b5ee6557016bf6c34072d 39.85MB / 41.70MB 65.8s
#10 sha256:efd22504ff0add37ce8095c099011bb174ac3d60087747f353b69087559eb6d2 68.16MB / 367.78MB 111.3s
#10 sha256:acb32ec93a5d9d2b9119c86e986a5d5d64f8d0c128d693690b02376140e652d5 77.59MB / 688.28MB 107.8s
#10 sha256:d2421c7a4bbfc037d7fb487893cc5fe145e329dfb39b5ee6557016bf6c34072d 41.70MB / 41.70MB 68.3s done
#10 sha256:1a2de4cc94315f2ba5015e6781672aa8e0b1456a4d488694bb5f016d8f59fa70 0B / 210B 0.2s
#10 sha256:1a2de4cc94315f2ba5015e6781672aa8e0b1456a4d488694bb5f016d8f59fa70 210B / 210B 2.4s done
#10 sha256:a2f2f93da48276873890ac821b3c991d53a7e864791aaf82c39b7863c908b93b 0B / 1.58MB 0.2s
#10 sha256:a2f2f93da48276873890ac821b3c991d53a7e864791aaf82c39b7863c908b93b 1.05MB / 1.58MB 2.1s
#10 ...

#11 [spark-master 1/3] FROM docker.io/bitnamilegacy/spark:3.5@sha256:353e23d86c7952781042b4e91d1e2b018335f565430e449fff017269a273097f
#11 sha256:34cbfdd855a9e27cf963914c024b982eb1927a97f2968307f57842609dd7b817 211.81MB / 865.40MB 119.2s
#11 ...

#10 [hive-metastore 1/3] FROM docker.io/apache/hive:4.0.0@sha256:c0b241c544d341c16a6d8cafcb801a071be9b02054a5add255e9a0e826095e88
#10 sha256:efd22504ff0add37ce8095c099011bb174ac3d60087747f353b69087559eb6d2 73.40MB / 367.78MB 116.4s
#10 sha256:acb32ec93a5d9d2b9119c86e986a5d5d64f8d0c128d693690b02376140e652d5 82.84MB / 688.28MB 112.9s
#10 sha256:a2f2f93da48276873890ac821b3c991d53a7e864791aaf82c39b7863c908b93b 1.58MB / 1.58MB 2.9s done
#10 sha256:1efc276f4ff952c055dea726cfc96ec6a4fdb8b62d9eed816bd2b788f2860ad7 0B / 31.37MB 0.2s
#10 sha256:1efc276f4ff952c055dea726cfc96ec6a4fdb8b62d9eed816bd2b788f2860ad7 2.10MB / 31.37MB 4.4s
#10 sha256:acb32ec93a5d9d2b9119c86e986a5d5d64f8d0c128d693690b02376140e652d5 88.08MB / 688.28MB 118.0s
#10 sha256:efd22504ff0add37ce8095c099011bb174ac3d60087747f353b69087559eb6d2 78.64MB / 367.78MB 121.5s
#10 sha256:1efc276f4ff952c055dea726cfc96ec6a4fdb8b62d9eed816bd2b788f2860ad7 4.19MB / 31.37MB 7.8s
#10 ...

#11 [spark-master 1/3] FROM docker.io/bitnamilegacy/spark:3.5@sha256:353e23d86c7952781042b4e91d1e2b018335f565430e449fff017269a273097f
#11 sha256:34cbfdd855a9e27cf963914c024b982eb1927a97f2968307f57842609dd7b817 229.64MB / 865.40MB 129.4s
#11 ...

#10 [hive-metastore 1/3] FROM docker.io/apache/hive:4.0.0@sha256:c0b241c544d341c16a6d8cafcb801a071be9b02054a5add255e9a0e826095e88
#10 sha256:acb32ec93a5d9d2b9119c86e986a5d5d64f8d0c128d693690b02376140e652d5 94.37MB / 688.28MB 123.1s
#10 sha256:efd22504ff0add37ce8095c099011bb174ac3d60087747f353b69087559eb6d2 89.13MB / 367.78MB 126.7s
#10 sha256:1efc276f4ff952c055dea726cfc96ec6a4fdb8b62d9eed816bd2b788f2860ad7 6.29MB / 31.37MB 10.5s
#10 sha256:1efc276f4ff952c055dea726cfc96ec6a4fdb8b62d9eed816bd2b788f2860ad7 8.39MB / 31.37MB 14.1s
#10 sha256:acb32ec93a5d9d2b9119c86e986a5d5d64f8d0c128d693690b02376140e652d5 101.71MB / 688.28MB 128.2s
#10 sha256:efd22504ff0add37ce8095c099011bb174ac3d60087747f353b69087559eb6d2 99.61MB / 367.78MB 132.0s
#10 sha256:1efc276f4ff952c055dea726cfc96ec6a4fdb8b62d9eed816bd2b788f2860ad7 10.49MB / 31.37MB 17.1s
#10 sha256:1efc276f4ff952c055dea726cfc96ec6a4fdb8b62d9eed816bd2b788f2860ad7 12.58MB / 31.37MB 19.8s
#10 ...

#11 [spark-master 1/3] FROM docker.io/bitnamilegacy/spark:3.5@sha256:353e23d86c7952781042b4e91d1e2b018335f565430e449fff017269a273097f
#11 sha256:34cbfdd855a9e27cf963914c024b982eb1927a97f2968307f57842609dd7b817 251.66MB / 865.40MB 139.6s
#11 ...

#10 [hive-metastore 1/3] FROM docker.io/apache/hive:4.0.0@sha256:c0b241c544d341c16a6d8cafcb801a071be9b02054a5add255e9a0e826095e88
#10 sha256:acb32ec93a5d9d2b9119c86e986a5d5d64f8d0c128d693690b02376140e652d5 112.20MB / 688.28MB 133.3s
#10 sha256:efd22504ff0add37ce8095c099011bb174ac3d60087747f353b69087559eb6d2 110.10MB / 367.78MB 137.1s
#10 sha256:1efc276f4ff952c055dea726cfc96ec6a4fdb8b62d9eed816bd2b788f2860ad7 14.68MB / 31.37MB 22.2s
#10 sha256:acb32ec93a5d9d2b9119c86e986a5d5d64f8d0c128d693690b02376140e652d5 124.78MB / 688.28MB 138.4s
#10 sha256:efd22504ff0add37ce8095c099011bb174ac3d60087747f353b69087559eb6d2 114.29MB / 367.78MB 142.2s
#10 sha256:1efc276f4ff952c055dea726cfc96ec6a4fdb8b62d9eed816bd2b788f2860ad7 15.73MB / 31.37MB 27.3s
#10 ...

#11 [spark-master 1/3] FROM docker.io/bitnamilegacy/spark:3.5@sha256:353e23d86c7952781042b4e91d1e2b018335f565430e449fff017269a273097f
#11 sha256:34cbfdd855a9e27cf963914c024b982eb1927a97f2968307f57842609dd7b817 269.48MB / 865.40MB 149.8s
#11 ...

#10 [hive-metastore 1/3] FROM docker.io/apache/hive:4.0.0@sha256:c0b241c544d341c16a6d8cafcb801a071be9b02054a5add255e9a0e826095e88
#10 sha256:acb32ec93a5d9d2b9119c86e986a5d5d64f8d0c128d693690b02376140e652d5 141.56MB / 688.28MB 143.5s
#10 sha256:1efc276f4ff952c055dea726cfc96ec6a4fdb8b62d9eed816bd2b788f2860ad7 17.83MB / 31.37MB 30.1s
#10 sha256:efd22504ff0add37ce8095c099011bb174ac3d60087747f353b69087559eb6d2 118.49MB / 367.78MB 147.3s
#10 sha256:1efc276f4ff952c055dea726cfc96ec6a4fdb8b62d9eed816bd2b788f2860ad7 19.92MB / 31.37MB 35.1s
#10 sha256:acb32ec93a5d9d2b9119c86e986a5d5d64f8d0c128d693690b02376140e652d5 158.33MB / 688.28MB 148.6s
#10 sha256:efd22504ff0add37ce8095c099011bb174ac3d60087747f353b69087559eb6d2 122.68MB / 367.78MB 152.4s
#10 sha256:1efc276f4ff952c055dea726cfc96ec6a4fdb8b62d9eed816bd2b788f2860ad7 22.02MB / 31.37MB 39.3s
#10 ...

#11 [spark-master 1/3] FROM docker.io/bitnamilegacy/spark:3.5@sha256:353e23d86c7952781042b4e91d1e2b018335f565430e449fff017269a273097f
#11 sha256:34cbfdd855a9e27cf963914c024b982eb1927a97f2968307f57842609dd7b817 282.07MB / 865.40MB 160.0s
#11 ...

#10 [hive-metastore 1/3] FROM docker.io/apache/hive:4.0.0@sha256:c0b241c544d341c16a6d8cafcb801a071be9b02054a5add255e9a0e826095e88
#10 sha256:acb32ec93a5d9d2b9119c86e986a5d5d64f8d0c128d693690b02376140e652d5 174.06MB / 688.28MB 153.7s
#10 sha256:efd22504ff0add37ce8095c099011bb174ac3d60087747f353b69087559eb6d2 125.83MB / 367.78MB 157.5s
#10 sha256:1efc276f4ff952c055dea726cfc96ec6a4fdb8b62d9eed816bd2b788f2860ad7 24.12MB / 31.37MB 43.6s
#10 sha256:acb32ec93a5d9d2b9119c86e986a5d5d64f8d0c128d693690b02376140e652d5 188.74MB / 688.28MB 158.8s
#10 sha256:efd22504ff0add37ce8095c099011bb174ac3d60087747f353b69087559eb6d2 128.97MB / 367.78MB 162.6s
#10 sha256:1efc276f4ff952c055dea726cfc96ec6a4fdb8b62d9eed816bd2b788f2860ad7 26.21MB / 31.37MB 48.1s
#10 ...

#11 [spark-master 1/3] FROM docker.io/bitnamilegacy/spark:3.5@sha256:353e23d86c7952781042b4e91d1e2b018335f565430e449fff017269a273097f
#11 sha256:34cbfdd855a9e27cf963914c024b982eb1927a97f2968307f57842609dd7b817 292.55MB / 865.40MB 170.2s
#11 ...

#10 [hive-metastore 1/3] FROM docker.io/apache/hive:4.0.0@sha256:c0b241c544d341c16a6d8cafcb801a071be9b02054a5add255e9a0e826095e88
#10 sha256:acb32ec93a5d9d2b9119c86e986a5d5d64f8d0c128d693690b02376140e652d5 204.47MB / 688.28MB 163.9s
#10 sha256:efd22504ff0add37ce8095c099011bb174ac3d60087747f353b69087559eb6d2 132.12MB / 367.78MB 167.8s
#10 sha256:1efc276f4ff952c055dea726cfc96ec6a4fdb8b62d9eed816bd2b788f2860ad7 28.31MB / 31.37MB 51.9s
#10 sha256:1efc276f4ff952c055dea726cfc96ec6a4fdb8b62d9eed816bd2b788f2860ad7 30.41MB / 31.37MB 54.7s
#10 sha256:acb32ec93a5d9d2b9119c86e986a5d5d64f8d0c128d693690b02376140e652d5 218.10MB / 688.28MB 169.0s
#10 sha256:efd22504ff0add37ce8095c099011bb174ac3d60087747f353b69087559eb6d2 135.27MB / 367.78MB 173.1s
#10 sha256:1efc276f4ff952c055dea726cfc96ec6a4fdb8b62d9eed816bd2b788f2860ad7 31.37MB / 31.37MB 56.1s done
#10 extracting sha256:1efc276f4ff952c055dea726cfc96ec6a4fdb8b62d9eed816bd2b788f2860ad7
#10 extracting sha256:1efc276f4ff952c055dea726cfc96ec6a4fdb8b62d9eed816bd2b788f2860ad7 1.2s done
#10 extracting sha256:a2f2f93da48276873890ac821b3c991d53a7e864791aaf82c39b7863c908b93b
#10 extracting sha256:a2f2f93da48276873890ac821b3c991d53a7e864791aaf82c39b7863c908b93b 0.1s done
#10 extracting sha256:1a2de4cc94315f2ba5015e6781672aa8e0b1456a4d488694bb5f016d8f59fa70 0.0s done
#10 extracting sha256:d2421c7a4bbfc037d7fb487893cc5fe145e329dfb39b5ee6557016bf6c34072d
#10 extracting sha256:d2421c7a4bbfc037d7fb487893cc5fe145e329dfb39b5ee6557016bf6c34072d 0.8s done
#10 ...

#11 [spark-master 1/3] FROM docker.io/bitnamilegacy/spark:3.5@sha256:353e23d86c7952781042b4e91d1e2b018335f565430e449fff017269a273097f
#11 sha256:34cbfdd855a9e27cf963914c024b982eb1927a97f2968307f57842609dd7b817 309.33MB / 865.40MB 180.4s
#11 ...

#10 [hive-metastore 1/3] FROM docker.io/apache/hive:4.0.0@sha256:c0b241c544d341c16a6d8cafcb801a071be9b02054a5add255e9a0e826095e88
#10 sha256:acb32ec93a5d9d2b9119c86e986a5d5d64f8d0c128d693690b02376140e652d5 235.93MB / 688.28MB 174.1s
#10 sha256:efd22504ff0add37ce8095c099011bb174ac3d60087747f353b69087559eb6d2 138.41MB / 367.78MB 178.2s
#10 sha256:acb32ec93a5d9d2b9119c86e986a5d5d64f8d0c128d693690b02376140e652d5 254.80MB / 688.28MB 179.2s
#10 sha256:efd22504ff0add37ce8095c099011bb174ac3d60087747f353b69087559eb6d2 142.61MB / 367.78MB 183.3s
#10 ...

#11 [spark-master 1/3] FROM docker.io/bitnamilegacy/spark:3.5@sha256:353e23d86c7952781042b4e91d1e2b018335f565430e449fff017269a273097f
#11 sha256:34cbfdd855a9e27cf963914c024b982eb1927a97f2968307f57842609dd7b817 325.06MB / 865.40MB 190.6s
#11 ...

#10 [hive-metastore 1/3] FROM docker.io/apache/hive:4.0.0@sha256:c0b241c544d341c16a6d8cafcb801a071be9b02054a5add255e9a0e826095e88
#10 sha256:acb32ec93a5d9d2b9119c86e986a5d5d64f8d0c128d693690b02376140e652d5 273.68MB / 688.28MB 184.3s
#10 sha256:efd22504ff0add37ce8095c099011bb174ac3d60087747f353b69087559eb6d2 146.80MB / 367.78MB 188.4s
#10 sha256:acb32ec93a5d9d2b9119c86e986a5d5d64f8d0c128d693690b02376140e652d5 292.55MB / 688.28MB 189.4s
#10 sha256:efd22504ff0add37ce8095c099011bb174ac3d60087747f353b69087559eb6d2 152.04MB / 367.78MB 193.5s
#10 ...

#11 [spark-master 1/3] FROM docker.io/bitnamilegacy/spark:3.5@sha256:353e23d86c7952781042b4e91d1e2b018335f565430e449fff017269a273097f
#11 sha256:34cbfdd855a9e27cf963914c024b982eb1927a97f2968307f57842609dd7b817 338.69MB / 865.40MB 200.8s
#11 ...

#10 [hive-metastore 1/3] FROM docker.io/apache/hive:4.0.0@sha256:c0b241c544d341c16a6d8cafcb801a071be9b02054a5add255e9a0e826095e88
#10 sha256:acb32ec93a5d9d2b9119c86e986a5d5d64f8d0c128d693690b02376140e652d5 306.18MB / 688.28MB 194.5s
#10 sha256:efd22504ff0add37ce8095c099011bb174ac3d60087747f353b69087559eb6d2 155.19MB / 367.78MB 198.6s
#10 sha256:acb32ec93a5d9d2b9119c86e986a5d5d64f8d0c128d693690b02376140e652d5 314.57MB / 688.28MB 199.6s
#10 sha256:efd22504ff0add37ce8095c099011bb174ac3d60087747f353b69087559eb6d2 159.38MB / 367.78MB 203.7s
#10 ...

#11 [spark-master 1/3] FROM docker.io/bitnamilegacy/spark:3.5@sha256:353e23d86c7952781042b4e91d1e2b018335f565430e449fff017269a273097f
#11 sha256:34cbfdd855a9e27cf963914c024b982eb1927a97f2968307f57842609dd7b817 357.56MB / 865.40MB 211.0s
#11 ...

#10 [hive-metastore 1/3] FROM docker.io/apache/hive:4.0.0@sha256:c0b241c544d341c16a6d8cafcb801a071be9b02054a5add255e9a0e826095e88
#10 sha256:acb32ec93a5d9d2b9119c86e986a5d5d64f8d0c128d693690b02376140e652d5 326.11MB / 688.28MB 204.7s
#10 sha256:efd22504ff0add37ce8095c099011bb174ac3d60087747f353b69087559eb6d2 164.63MB / 367.78MB 208.8s
#10 sha256:acb32ec93a5d9d2b9119c86e986a5d5d64f8d0c128d693690b02376140e652d5 334.50MB / 688.28MB 209.8s
#10 sha256:efd22504ff0add37ce8095c099011bb174ac3d60087747f353b69087559eb6d2 168.82MB / 367.78MB 213.9s
#10 ...

#11 [spark-master 1/3] FROM docker.io/bitnamilegacy/spark:3.5@sha256:353e23d86c7952781042b4e91d1e2b018335f565430e449fff017269a273097f
#11 sha256:34cbfdd855a9e27cf963914c024b982eb1927a97f2968307f57842609dd7b817 376.44MB / 865.40MB 221.2s
#11 ...

#10 [hive-metastore 1/3] FROM docker.io/apache/hive:4.0.0@sha256:c0b241c544d341c16a6d8cafcb801a071be9b02054a5add255e9a0e826095e88
#10 sha256:acb32ec93a5d9d2b9119c86e986a5d5d64f8d0c128d693690b02376140e652d5 349.18MB / 688.28MB 214.9s
#10 sha256:efd22504ff0add37ce8095c099011bb174ac3d60087747f353b69087559eb6d2 177.21MB / 367.78MB 219.0s
#10 sha256:acb32ec93a5d9d2b9119c86e986a5d5d64f8d0c128d693690b02376140e652d5 362.81MB / 688.28MB 220.0s
#10 sha256:efd22504ff0add37ce8095c099011bb174ac3d60087747f353b69087559eb6d2 183.50MB / 367.78MB 224.1s
#10 ...

#11 [spark-master 1/3] FROM docker.io/bitnamilegacy/spark:3.5@sha256:353e23d86c7952781042b4e91d1e2b018335f565430e449fff017269a273097f
#11 sha256:34cbfdd855a9e27cf963914c024b982eb1927a97f2968307f57842609dd7b817 389.02MB / 865.40MB 231.4s
#11 ...

#10 [hive-metastore 1/3] FROM docker.io/apache/hive:4.0.0@sha256:c0b241c544d341c16a6d8cafcb801a071be9b02054a5add255e9a0e826095e88
#10 sha256:acb32ec93a5d9d2b9119c86e986a5d5d64f8d0c128d693690b02376140e652d5 368.05MB / 688.28MB 225.1s
#10 sha256:efd22504ff0add37ce8095c099011bb174ac3d60087747f353b69087559eb6d2 185.60MB / 367.78MB 229.2s
#10 sha256:acb32ec93a5d9d2b9119c86e986a5d5d64f8d0c128d693690b02376140e652d5 373.29MB / 688.28MB 230.2s
#10 sha256:efd22504ff0add37ce8095c099011bb174ac3d60087747f353b69087559eb6d2 188.74MB / 367.78MB 234.3s
#10 ...

#11 [spark-master 1/3] FROM docker.io/bitnamilegacy/spark:3.5@sha256:353e23d86c7952781042b4e91d1e2b018335f565430e449fff017269a273097f
#11 sha256:34cbfdd855a9e27cf963914c024b982eb1927a97f2968307f57842609dd7b817 399.51MB / 865.40MB 241.6s
#11 ...

#10 [hive-metastore 1/3] FROM docker.io/apache/hive:4.0.0@sha256:c0b241c544d341c16a6d8cafcb801a071be9b02054a5add255e9a0e826095e88
#10 sha256:acb32ec93a5d9d2b9119c86e986a5d5d64f8d0c128d693690b02376140e652d5 386.92MB / 688.28MB 235.3s
#10 sha256:efd22504ff0add37ce8095c099011bb174ac3d60087747f353b69087559eb6d2 192.94MB / 367.78MB 239.4s
#10 sha256:acb32ec93a5d9d2b9119c86e986a5d5d64f8d0c128d693690b02376140e652d5 395.31MB / 688.28MB 240.4s
#10 sha256:efd22504ff0add37ce8095c099011bb174ac3d60087747f353b69087559eb6d2 198.18MB / 367.78MB 244.5s
#10 ...

#11 [spark-master 1/3] FROM docker.io/bitnamilegacy/spark:3.5@sha256:353e23d86c7952781042b4e91d1e2b018335f565430e449fff017269a273097f
#11 sha256:34cbfdd855a9e27cf963914c024b982eb1927a97f2968307f57842609dd7b817 408.94MB / 865.40MB 251.8s
#11 ...

#10 [hive-metastore 1/3] FROM docker.io/apache/hive:4.0.0@sha256:c0b241c544d341c16a6d8cafcb801a071be9b02054a5add255e9a0e826095e88
#10 sha256:acb32ec93a5d9d2b9119c86e986a5d5d64f8d0c128d693690b02376140e652d5 402.65MB / 688.28MB 245.5s
#10 sha256:efd22504ff0add37ce8095c099011bb174ac3d60087747f353b69087559eb6d2 202.38MB / 367.78MB 249.6s
#10 sha256:acb32ec93a5d9d2b9119c86e986a5d5d64f8d0c128d693690b02376140e652d5 409.99MB / 688.28MB 250.6s
#10 sha256:efd22504ff0add37ce8095c099011bb174ac3d60087747f353b69087559eb6d2 206.57MB / 367.78MB 254.7s
#10 ...

#11 [spark-master 1/3] FROM docker.io/bitnamilegacy/spark:3.5@sha256:353e23d86c7952781042b4e91d1e2b018335f565430e449fff017269a273097f
#11 sha256:34cbfdd855a9e27cf963914c024b982eb1927a97f2968307f57842609dd7b817 425.72MB / 865.40MB 262.0s
#11 ...

#10 [hive-metastore 1/3] FROM docker.io/apache/hive:4.0.0@sha256:c0b241c544d341c16a6d8cafcb801a071be9b02054a5add255e9a0e826095e88
#10 sha256:acb32ec93a5d9d2b9119c86e986a5d5d64f8d0c128d693690b02376140e652d5 422.58MB / 688.28MB 255.7s
#10 sha256:efd22504ff0add37ce8095c099011bb174ac3d60087747f353b69087559eb6d2 213.91MB / 367.78MB 259.8s
#10 sha256:acb32ec93a5d9d2b9119c86e986a5d5d64f8d0c128d693690b02376140e652d5 436.21MB / 688.28MB 260.8s
#10 sha256:efd22504ff0add37ce8095c099011bb174ac3d60087747f353b69087559eb6d2 226.49MB / 367.78MB 264.9s
#10 ...

#11 [spark-master 1/3] FROM docker.io/bitnamilegacy/spark:3.5@sha256:353e23d86c7952781042b4e91d1e2b018335f565430e449fff017269a273097f
#11 sha256:34cbfdd855a9e27cf963914c024b982eb1927a97f2968307f57842609dd7b817 462.42MB / 865.40MB 272.2s
#11 ...

#10 [hive-metastore 1/3] FROM docker.io/apache/hive:4.0.0@sha256:c0b241c544d341c16a6d8cafcb801a071be9b02054a5add255e9a0e826095e88
#10 sha256:acb32ec93a5d9d2b9119c86e986a5d5d64f8d0c128d693690b02376140e652d5 447.74MB / 688.28MB 265.9s
#10 sha256:efd22504ff0add37ce8095c099011bb174ac3d60087747f353b69087559eb6d2 235.93MB / 367.78MB 270.0s
#10 sha256:acb32ec93a5d9d2b9119c86e986a5d5d64f8d0c128d693690b02376140e652d5 455.08MB / 688.28MB 271.0s
#10 sha256:efd22504ff0add37ce8095c099011bb174ac3d60087747f353b69087559eb6d2 241.17MB / 367.78MB 275.1s
#10 ...

#11 [spark-master 1/3] FROM docker.io/bitnamilegacy/spark:3.5@sha256:353e23d86c7952781042b4e91d1e2b018335f565430e449fff017269a273097f
#11 sha256:34cbfdd855a9e27cf963914c024b982eb1927a97f2968307f57842609dd7b817 479.20MB / 865.40MB 282.4s
#11 ...

#10 [hive-metastore 1/3] FROM docker.io/apache/hive:4.0.0@sha256:c0b241c544d341c16a6d8cafcb801a071be9b02054a5add255e9a0e826095e88
#10 sha256:acb32ec93a5d9d2b9119c86e986a5d5d64f8d0c128d693690b02376140e652d5 463.47MB / 688.28MB 276.1s
#10 sha256:efd22504ff0add37ce8095c099011bb174ac3d60087747f353b69087559eb6d2 246.42MB / 367.78MB 280.2s
#10 sha256:acb32ec93a5d9d2b9119c86e986a5d5d64f8d0c128d693690b02376140e652d5 471.86MB / 688.28MB 281.2s
#10 sha256:efd22504ff0add37ce8095c099011bb174ac3d60087747f353b69087559eb6d2 250.61MB / 367.78MB 285.3s
#10 ...

#11 [spark-master 1/3] FROM docker.io/bitnamilegacy/spark:3.5@sha256:353e23d86c7952781042b4e91d1e2b018335f565430e449fff017269a273097f
#11 sha256:34cbfdd855a9e27cf963914c024b982eb1927a97f2968307f57842609dd7b817 503.32MB / 865.40MB 292.6s
#11 ...

#10 [hive-metastore 1/3] FROM docker.io/apache/hive:4.0.0@sha256:c0b241c544d341c16a6d8cafcb801a071be9b02054a5add255e9a0e826095e88
#10 sha256:acb32ec93a5d9d2b9119c86e986a5d5d64f8d0c128d693690b02376140e652d5 482.34MB / 688.28MB 286.3s
#10 sha256:efd22504ff0add37ce8095c099011bb174ac3d60087747f353b69087559eb6d2 257.95MB / 367.78MB 290.4s
#10 sha256:acb32ec93a5d9d2b9119c86e986a5d5d64f8d0c128d693690b02376140e652d5 493.88MB / 688.28MB 291.4s
#10 sha256:efd22504ff0add37ce8095c099011bb174ac3d60087747f353b69087559eb6d2 269.48MB / 367.78MB 295.5s
#10 ...

#11 [spark-master 1/3] FROM docker.io/bitnamilegacy/spark:3.5@sha256:353e23d86c7952781042b4e91d1e2b018335f565430e449fff017269a273097f
#11 sha256:34cbfdd855a9e27cf963914c024b982eb1927a97f2968307f57842609dd7b817 529.53MB / 865.40MB 302.8s
#11 ...

#10 [hive-metastore 1/3] FROM docker.io/apache/hive:4.0.0@sha256:c0b241c544d341c16a6d8cafcb801a071be9b02054a5add255e9a0e826095e88
#10 sha256:acb32ec93a5d9d2b9119c86e986a5d5d64f8d0c128d693690b02376140e652d5 501.22MB / 688.28MB 296.5s
#10 sha256:efd22504ff0add37ce8095c099011bb174ac3d60087747f353b69087559eb6d2 281.02MB / 367.78MB 300.6s
#10 sha256:acb32ec93a5d9d2b9119c86e986a5d5d64f8d0c128d693690b02376140e652d5 507.51MB / 688.28MB 301.6s
#10 sha256:efd22504ff0add37ce8095c099011bb174ac3d60087747f353b69087559eb6d2 290.46MB / 367.78MB 305.7s
#10 ...

#11 [spark-master 1/3] FROM docker.io/bitnamilegacy/spark:3.5@sha256:353e23d86c7952781042b4e91d1e2b018335f565430e449fff017269a273097f
#11 sha256:34cbfdd855a9e27cf963914c024b982eb1927a97f2968307f57842609dd7b817 563.09MB / 865.40MB 313.0s
#11 ...

#10 [hive-metastore 1/3] FROM docker.io/apache/hive:4.0.0@sha256:c0b241c544d341c16a6d8cafcb801a071be9b02054a5add255e9a0e826095e88
#10 sha256:acb32ec93a5d9d2b9119c86e986a5d5d64f8d0c128d693690b02376140e652d5 512.75MB / 688.28MB 306.7s
#10 sha256:efd22504ff0add37ce8095c099011bb174ac3d60087747f353b69087559eb6d2 297.80MB / 367.78MB 310.8s
#10 sha256:acb32ec93a5d9d2b9119c86e986a5d5d64f8d0c128d693690b02376140e652d5 520.09MB / 688.28MB 311.8s
#10 sha256:efd22504ff0add37ce8095c099011bb174ac3d60087747f353b69087559eb6d2 306.18MB / 367.78MB 315.9s
#10 ...

#11 [spark-master 1/3] FROM docker.io/bitnamilegacy/spark:3.5@sha256:353e23d86c7952781042b4e91d1e2b018335f565430e449fff017269a273097f
#11 sha256:34cbfdd855a9e27cf963914c024b982eb1927a97f2968307f57842609dd7b817 595.59MB / 865.40MB 323.2s
#11 ...

#10 [hive-metastore 1/3] FROM docker.io/apache/hive:4.0.0@sha256:c0b241c544d341c16a6d8cafcb801a071be9b02054a5add255e9a0e826095e88
#10 sha256:acb32ec93a5d9d2b9119c86e986a5d5d64f8d0c128d693690b02376140e652d5 528.48MB / 688.28MB 316.9s
#10 sha256:efd22504ff0add37ce8095c099011bb174ac3d60087747f353b69087559eb6d2 314.57MB / 367.78MB 321.0s
#10 sha256:acb32ec93a5d9d2b9119c86e986a5d5d64f8d0c128d693690b02376140e652d5 537.92MB / 688.28MB 322.0s
#10 sha256:efd22504ff0add37ce8095c099011bb174ac3d60087747f353b69087559eb6d2 326.11MB / 367.78MB 326.1s
#10 ...

#11 [spark-master 1/3] FROM docker.io/bitnamilegacy/spark:3.5@sha256:353e23d86c7952781042b4e91d1e2b018335f565430e449fff017269a273097f
#11 sha256:34cbfdd855a9e27cf963914c024b982eb1927a97f2968307f57842609dd7b817 623.90MB / 865.40MB 333.4s
#11 ...

#10 [hive-metastore 1/3] FROM docker.io/apache/hive:4.0.0@sha256:c0b241c544d341c16a6d8cafcb801a071be9b02054a5add255e9a0e826095e88
#10 sha256:acb32ec93a5d9d2b9119c86e986a5d5d64f8d0c128d693690b02376140e652d5 547.36MB / 688.28MB 327.1s
#10 sha256:efd22504ff0add37ce8095c099011bb174ac3d60087747f353b69087559eb6d2 334.50MB / 367.78MB 331.2s
#10 sha256:acb32ec93a5d9d2b9119c86e986a5d5d64f8d0c128d693690b02376140e652d5 558.89MB / 688.28MB 332.2s
#10 sha256:efd22504ff0add37ce8095c099011bb174ac3d60087747f353b69087559eb6d2 344.98MB / 367.78MB 336.3s
#10 sha256:acb32ec93a5d9d2b9119c86e986a5d5d64f8d0c128d693690b02376140e652d5 565.18MB / 688.28MB 337.3s
#10 ...

#11 [spark-master 1/3] FROM docker.io/bitnamilegacy/spark:3.5@sha256:353e23d86c7952781042b4e91d1e2b018335f565430e449fff017269a273097f
#11 sha256:34cbfdd855a9e27cf963914c024b982eb1927a97f2968307f57842609dd7b817 654.31MB / 865.40MB 343.8s
#11 ...

#10 [hive-metastore 1/3] FROM docker.io/apache/hive:4.0.0@sha256:c0b241c544d341c16a6d8cafcb801a071be9b02054a5add255e9a0e826095e88
#10 sha256:efd22504ff0add37ce8095c099011bb174ac3d60087747f353b69087559eb6d2 353.37MB / 367.78MB 341.4s
#10 sha256:acb32ec93a5d9d2b9119c86e986a5d5d64f8d0c128d693690b02376140e652d5 572.52MB / 688.28MB 342.4s
#10 sha256:efd22504ff0add37ce8095c099011bb174ac3d60087747f353b69087559eb6d2 364.90MB / 367.78MB 346.5s
#10 sha256:efd22504ff0add37ce8095c099011bb174ac3d60087747f353b69087559eb6d2 367.78MB / 367.78MB 349.1s done
#10 sha256:acb32ec93a5d9d2b9119c86e986a5d5d64f8d0c128d693690b02376140e652d5 575.67MB / 688.28MB 347.5s
#10 ...

#11 [spark-master 1/3] FROM docker.io/bitnamilegacy/spark:3.5@sha256:353e23d86c7952781042b4e91d1e2b018335f565430e449fff017269a273097f
#11 sha256:34cbfdd855a9e27cf963914c024b982eb1927a97f2968307f57842609dd7b817 689.96MB / 865.40MB 354.1s
#11 ...

#10 [hive-metastore 1/3] FROM docker.io/apache/hive:4.0.0@sha256:c0b241c544d341c16a6d8cafcb801a071be9b02054a5add255e9a0e826095e88
#10 sha256:acb32ec93a5d9d2b9119c86e986a5d5d64f8d0c128d693690b02376140e652d5 580.58MB / 688.28MB 352.6s
#10 ...

#11 [spark-master 1/3] FROM docker.io/bitnamilegacy/spark:3.5@sha256:353e23d86c7952781042b4e91d1e2b018335f565430e449fff017269a273097f
#11 sha256:34cbfdd855a9e27cf963914c024b982eb1927a97f2968307f57842609dd7b817 726.66MB / 865.40MB 364.2s
#11 ...

#10 [hive-metastore 1/3] FROM docker.io/apache/hive:4.0.0@sha256:c0b241c544d341c16a6d8cafcb801a071be9b02054a5add255e9a0e826095e88
#10 sha256:acb32ec93a5d9d2b9119c86e986a5d5d64f8d0c128d693690b02376140e652d5 587.20MB / 688.28MB 357.7s
#10 sha256:acb32ec93a5d9d2b9119c86e986a5d5d64f8d0c128d693690b02376140e652d5 594.54MB / 688.28MB 362.8s
#10 ...

#11 [spark-master 1/3] FROM docker.io/bitnamilegacy/spark:3.5@sha256:353e23d86c7952781042b4e91d1e2b018335f565430e449fff017269a273097f
#11 sha256:34cbfdd855a9e27cf963914c024b982eb1927a97f2968307f57842609dd7b817 767.56MB / 865.40MB 374.2s
#11 ...

#10 [hive-metastore 1/3] FROM docker.io/apache/hive:4.0.0@sha256:c0b241c544d341c16a6d8cafcb801a071be9b02054a5add255e9a0e826095e88
#10 sha256:acb32ec93a5d9d2b9119c86e986a5d5d64f8d0c128d693690b02376140e652d5 602.93MB / 688.28MB 367.9s
#10 sha256:acb32ec93a5d9d2b9119c86e986a5d5d64f8d0c128d693690b02376140e652d5 609.22MB / 688.28MB 373.0s
#10 ...

#11 [spark-master 1/3] FROM docker.io/bitnamilegacy/spark:3.5@sha256:353e23d86c7952781042b4e91d1e2b018335f565430e449fff017269a273097f
#11 sha256:34cbfdd855a9e27cf963914c024b982eb1927a97f2968307f57842609dd7b817 797.97MB / 865.40MB 384.3s
#11 ...

#10 [hive-metastore 1/3] FROM docker.io/apache/hive:4.0.0@sha256:c0b241c544d341c16a6d8cafcb801a071be9b02054a5add255e9a0e826095e88
#10 sha256:acb32ec93a5d9d2b9119c86e986a5d5d64f8d0c128d693690b02376140e652d5 614.47MB / 688.28MB 378.1s
#10 sha256:acb32ec93a5d9d2b9119c86e986a5d5d64f8d0c128d693690b02376140e652d5 618.66MB / 688.28MB 383.2s
#10 ...

#11 [spark-master 1/3] FROM docker.io/bitnamilegacy/spark:3.5@sha256:353e23d86c7952781042b4e91d1e2b018335f565430e449fff017269a273097f
#11 sha256:34cbfdd855a9e27cf963914c024b982eb1927a97f2968307f57842609dd7b817 833.62MB / 865.40MB 394.3s
#11 ...

#10 [hive-metastore 1/3] FROM docker.io/apache/hive:4.0.0@sha256:c0b241c544d341c16a6d8cafcb801a071be9b02054a5add255e9a0e826095e88
#10 sha256:acb32ec93a5d9d2b9119c86e986a5d5d64f8d0c128d693690b02376140e652d5 622.85MB / 688.28MB 388.3s
#10 sha256:acb32ec93a5d9d2b9119c86e986a5d5d64f8d0c128d693690b02376140e652d5 627.05MB / 688.28MB 393.4s
#10 ...

#11 [spark-master 1/3] FROM docker.io/bitnamilegacy/spark:3.5@sha256:353e23d86c7952781042b4e91d1e2b018335f565430e449fff017269a273097f
#11 sha256:34cbfdd855a9e27cf963914c024b982eb1927a97f2968307f57842609dd7b817 865.40MB / 865.40MB 402.6s done
#11 extracting sha256:34cbfdd855a9e27cf963914c024b982eb1927a97f2968307f57842609dd7b817
#11 ...

#10 [hive-metastore 1/3] FROM docker.io/apache/hive:4.0.0@sha256:c0b241c544d341c16a6d8cafcb801a071be9b02054a5add255e9a0e826095e88
#10 sha256:acb32ec93a5d9d2b9119c86e986a5d5d64f8d0c128d693690b02376140e652d5 631.24MB / 688.28MB 398.5s
#10 sha256:acb32ec93a5d9d2b9119c86e986a5d5d64f8d0c128d693690b02376140e652d5 639.63MB / 688.28MB 403.6s
#10 sha256:acb32ec93a5d9d2b9119c86e986a5d5d64f8d0c128d693690b02376140e652d5 658.51MB / 688.28MB 408.7s
#10 ...

#11 [spark-master 1/3] FROM docker.io/bitnamilegacy/spark:3.5@sha256:353e23d86c7952781042b4e91d1e2b018335f565430e449fff017269a273097f
#11 extracting sha256:34cbfdd855a9e27cf963914c024b982eb1927a97f2968307f57842609dd7b817 14.7s done
#11 DONE 417.7s

#10 [hive-metastore 1/3] FROM docker.io/apache/hive:4.0.0@sha256:c0b241c544d341c16a6d8cafcb801a071be9b02054a5add255e9a0e826095e88
#10 ...

#13 [spark-master 2/3] COPY requirements.txt /tmp/requirements.txt
#13 ...

#10 [hive-metastore 1/3] FROM docker.io/apache/hive:4.0.0@sha256:c0b241c544d341c16a6d8cafcb801a071be9b02054a5add255e9a0e826095e88
#10 sha256:acb32ec93a5d9d2b9119c86e986a5d5d64f8d0c128d693690b02376140e652d5 688.28MB / 688.28MB 413.6s done
#10 DONE 420.5s

#13 [spark-master 2/3] COPY requirements.txt /tmp/requirements.txt
#13 DONE 3.4s

#10 [hive-metastore 1/3] FROM docker.io/apache/hive:4.0.0@sha256:c0b241c544d341c16a6d8cafcb801a071be9b02054a5add255e9a0e826095e88
#10 extracting sha256:acb32ec93a5d9d2b9119c86e986a5d5d64f8d0c128d693690b02376140e652d5
#10 extracting sha256:acb32ec93a5d9d2b9119c86e986a5d5d64f8d0c128d693690b02376140e652d5 6.5s done
#10 DONE 427.1s

#14 [spark-master 3/3] RUN pip install --no-cache-dir -r /tmp/requirements.txt
#14 3.099 Collecting pyspark==3.5.3 (from -r /tmp/requirements.txt (line 9))
#14 3.659   Downloading pyspark-3.5.3.tar.gz (317.3 MB)
#14 ...

#10 [hive-metastore 1/3] FROM docker.io/apache/hive:4.0.0@sha256:c0b241c544d341c16a6d8cafcb801a071be9b02054a5add255e9a0e826095e88
#10 extracting sha256:efd22504ff0add37ce8095c099011bb174ac3d60087747f353b69087559eb6d2
#10 extracting sha256:efd22504ff0add37ce8095c099011bb174ac3d60087747f353b69087559eb6d2 4.3s done
#10 DONE 431.4s

#14 [spark-master 3/3] RUN pip install --no-cache-dir -r /tmp/requirements.txt
#14 ...

#10 [hive-metastore 1/3] FROM docker.io/apache/hive:4.0.0@sha256:c0b241c544d341c16a6d8cafcb801a071be9b02054a5add255e9a0e826095e88
#10 extracting sha256:04acb178ffe49a85b830e87651bc024f6fce72243e3cd5d667e23c61551a1669
#10 extracting sha256:04acb178ffe49a85b830e87651bc024f6fce72243e3cd5d667e23c61551a1669 0.2s done
#10 extracting sha256:e9ed7de0daff6231ffaf24260d338194590ac96d4268342969219cca3a17c27b
#10 extracting sha256:e9ed7de0daff6231ffaf24260d338194590ac96d4268342969219cca3a17c27b 0.1s done
#10 extracting sha256:f83c96cf43e9f223ca64a8708019ec1d2cfad082cb229bde41da2f0b798c913f 0.0s done
#10 DONE 431.8s

#14 [spark-master 3/3] RUN pip install --no-cache-dir -r /tmp/requirements.txt
#14 ...

#10 [hive-metastore 1/3] FROM docker.io/apache/hive:4.0.0@sha256:c0b241c544d341c16a6d8cafcb801a071be9b02054a5add255e9a0e826095e88
#10 extracting sha256:ec49bc66c13d363ef28281c7ea155b07e72c87bca0fb77a77fce8bec158b6d96 0.1s done
#10 extracting sha256:b8efbde49f77a360c0a58a746f1f993a8180cbd06220e280183bde4a61f4533c 0.1s done
#10 extracting sha256:09650b2195585d7ec4611047450ef32dee53a8522d90b4ee363c7bd2ffaa076b
#10 extracting sha256:09650b2195585d7ec4611047450ef32dee53a8522d90b4ee363c7bd2ffaa076b 0.1s done
#10 extracting sha256:4f4fb700ef54461cfa02571ae0db9a0dc1e0cdb5577484a6d75e68dc38e8acc1 0.1s done
#10 DONE 432.0s

#14 [spark-master 3/3] RUN pip install --no-cache-dir -r /tmp/requirements.txt
#14 ...

#15 [hive-metastore 2/3] ADD https://repo1.maven.org/maven2/org/postgresql/postgresql/42.7.4/postgresql-42.7.4.jar     /opt/hive/lib/postgresql-42.7.4.jar
#15 DONE 3.3s

#14 [spark-master 3/3] RUN pip install --no-cache-dir -r /tmp/requirements.txt
#14 ...

#16 [hive-metastore 3/3] RUN chmod 644 /opt/hive/lib/postgresql-42.7.4.jar
#16 DONE 0.6s

#14 [spark-master 3/3] RUN pip install --no-cache-dir -r /tmp/requirements.txt
#14 ...

#17 [hive-metastore] exporting to image
#17 exporting layers
#17 exporting layers 0.3s done
#17 exporting manifest sha256:f7d9cacb579744c68086dbfee84f7c3f0d8e87cd00a682f05b948356add5f187 0.0s done
#17 exporting config sha256:1d854a3054b0062c2d5d13859ea97b711b3a33eac7cc8a541e6ea3650538c2b9 0.0s done
#17 exporting attestation manifest sha256:e4963bc2fda45129c3c4ffe3fa870881116cbb93fe7bc3c149e9e748161c7c17
#17 exporting attestation manifest sha256:e4963bc2fda45129c3c4ffe3fa870881116cbb93fe7bc3c149e9e748161c7c17 0.1s done
#17 exporting manifest list sha256:4313e51998687ffa46afe2e5cbb0ee6158ff73a2245955bb479b5ce6403d955f 0.0s done
#17 naming to docker.io/library/bigdata-hive:4.0.0
#17 naming to docker.io/library/bigdata-hive:4.0.0 done
#17 unpacking to docker.io/library/bigdata-hive:4.0.0 0.1s done
#17 DONE 0.8s

#14 [spark-master 3/3] RUN pip install --no-cache-dir -r /tmp/requirements.txt
#14 ...

#18 [hive-metastore] resolving provenance for metadata file
#18 DONE 0.0s

#14 [spark-master 3/3] RUN pip install --no-cache-dir -r /tmp/requirements.txt
#14 40.83 ERROR: Could not install packages due to an OSError: [Errno 5] Input/output error
#14 40.83 
#14 40.84      ━━━━━━━━━━━━━━━━━━━━━━━━━━              213.6/317.3 MB 5.5 MB/s eta 0:00:19
#14 40.85 WARNING: There was an error checking the latest version of pip.
#14 43.85 WARNING: Failed to remove contents in a temporary directory '/tmp/pip-build-tracker-8ai01xmv'.
#14 43.85 You can safely remove it manually.
#14 46.86 WARNING: Failed to remove contents in a temporary directory '/tmp/pip-unpack-xd68hlfs'.
#14 46.86 You can safely remove it manually.
#14 49.87 WARNING: Failed to remove contents in a temporary directory '/tmp/pip-ephem-wheel-cache-t1qnr6rn'.
#14 49.87 You can safely remove it manually.
#14 52.88 WARNING: Failed to remove contents in a temporary directory '/tmp/pip-install-knc81war'.
#14 52.88 You can safely remove it manually.
target spark-master: failed to receive status: rpc error: code = Unavailable desc = error reading from server: EOF



View build details: docker-desktop://dashboard/build/default/default/wq609j9854xzry4xzxda7hud1

