#1 [internal] load local bake definitions
#1 reading from stdin 1.02kB done
#1 DONE 0.0s

#2 [spark-master internal] load build definition from Dockerfile.spark
#2 transferring dockerfile: 1.20kB 0.0s done
#2 DONE 0.0s

#3 [hive-metastore internal] load build definition from Dockerfile.hive
#3 transferring dockerfile: 808B 0.0s done
#3 DONE 0.1s

#4 [hive-metastore internal] load metadata for docker.io/apache/hive:4.0.0
#4 ...

#5 [auth] bitnamilegacy/spark:pull token for registry-1.docker.io
#5 DONE 0.0s

#6 [auth] apache/hive:pull token for registry-1.docker.io
#6 DONE 0.0s

#7 [spark-master internal] load metadata for docker.io/bitnamilegacy/spark:3.5
#7 DONE 2.9s

#4 [hive-metastore internal] load metadata for docker.io/apache/hive:4.0.0
#4 DONE 2.9s

#8 [spark-master internal] load .dockerignore
#8 transferring context: 2B done
#8 DONE 0.0s

#9 [spark-master internal] load build context
#9 DONE 0.0s

#10 [hive-metastore 1/3] FROM docker.io/apache/hive:4.0.0@sha256:c0b241c544d341c16a6d8cafcb801a071be9b02054a5add255e9a0e826095e88
#10 resolve docker.io/apache/hive:4.0.0@sha256:c0b241c544d341c16a6d8cafcb801a071be9b02054a5add255e9a0e826095e88 0.1s done
#10 DONE 0.1s

#11 [spark-master 1/3] FROM docker.io/bitnamilegacy/spark:3.5@sha256:353e23d86c7952781042b4e91d1e2b018335f565430e449fff017269a273097f
#11 resolve docker.io/bitnamilegacy/spark:3.5@sha256:353e23d86c7952781042b4e91d1e2b018335f565430e449fff017269a273097f
#11 resolve docker.io/bitnamilegacy/spark:3.5@sha256:353e23d86c7952781042b4e91d1e2b018335f565430e449fff017269a273097f 0.1s done
#11 DONE 0.1s

#9 [spark-master internal] load build context
#9 transferring context: 38B done
#9 DONE 0.0s

#12 [spark-master 2/3] COPY requirements.txt /tmp/requirements.txt
#12 CACHED

#13 [hive-metastore 2/3] ADD https://repo1.maven.org/maven2/org/postgresql/postgresql/42.7.4/postgresql-42.7.4.jar     /opt/hive/lib/postgresql-42.7.4.jar
#13 DONE 0.3s

#14 [spark-master 3/3] RUN grep -ivE '^pyspark([=<>!~ ]|$)' /tmp/requirements.txt > /tmp/req.spark.txt     && pip install --no-cache-dir -r /tmp/req.spark.txt
#14 ...

#15 [hive-metastore 2/3] ADD https://repo1.maven.org/maven2/org/postgresql/postgresql/42.7.4/postgresql-42.7.4.jar     /opt/hive/lib/postgresql-42.7.4.jar
#15 CACHED

#16 [hive-metastore 3/3] RUN chmod 644 /opt/hive/lib/postgresql-42.7.4.jar
#16 CACHED

#17 [hive-metastore] exporting to image
#17 exporting layers 0.0s done
#17 exporting manifest sha256:f7d9cacb579744c68086dbfee84f7c3f0d8e87cd00a682f05b948356add5f187 done
#17 exporting config sha256:1d854a3054b0062c2d5d13859ea97b711b3a33eac7cc8a541e6ea3650538c2b9 done
#17 exporting attestation manifest sha256:213e234995da7ff8e3bedbda3a019153329f2156ff9d38fadf6e688edf7f0a48 0.1s done
#17 exporting manifest list sha256:4c9a64fb8613e664ca12b9ed954c2db071235c8c0d00eefaa593c56127fe8196 0.0s done
#17 naming to docker.io/library/bigdata-hive:4.0.0 done
#17 unpacking to docker.io/library/bigdata-hive:4.0.0 0.0s done
#17 DONE 0.3s

#14 [spark-master 3/3] RUN grep -ivE '^pyspark([=<>!~ ]|$)' /tmp/requirements.txt > /tmp/req.spark.txt     && pip install --no-cache-dir -r /tmp/req.spark.txt
#14 ...

#18 [hive-metastore] resolving provenance for metadata file
#18 DONE 0.0s

#14 [spark-master 3/3] RUN grep -ivE '^pyspark([=<>!~ ]|$)' /tmp/requirements.txt > /tmp/req.spark.txt     && pip install --no-cache-dir -r /tmp/req.spark.txt
#14 4.181 Collecting pandas==2.2.2 (from -r /tmp/req.spark.txt (line 11))
#14 4.443   Downloading pandas-2.2.2-cp312-cp312-manylinux_2_17_x86_64.manylinux2014_x86_64.whl.metadata (19 kB)
#14 5.072 Collecting numpy==1.26.4 (from -r /tmp/req.spark.txt (line 12))
#14 5.119   Downloading numpy-1.26.4-cp312-cp312-manylinux_2_17_x86_64.manylinux2014_x86_64.whl.metadata (61 kB)
#14 5.248 Collecting openpyxl==3.1.5 (from -r /tmp/req.spark.txt (line 13))
#14 5.359   Downloading openpyxl-3.1.5-py2.py3-none-any.whl.metadata (2.5 kB)
#14 5.443 Collecting xlrd==2.0.1 (from -r /tmp/req.spark.txt (line 14))
#14 5.491   Downloading xlrd-2.0.1-py2.py3-none-any.whl.metadata (3.4 kB)
#14 5.561 Collecting ucimlrepo==0.0.7 (from -r /tmp/req.spark.txt (line 17))
#14 5.616   Downloading ucimlrepo-0.0.7-py3-none-any.whl.metadata (5.5 kB)
#14 5.686 Collecting fredapi==0.5.2 (from -r /tmp/req.spark.txt (line 18))
#14 5.736   Downloading fredapi-0.5.2-py3-none-any.whl.metadata (5.0 kB)
#14 5.847 Collecting requests==2.32.3 (from -r /tmp/req.spark.txt (line 19))
#14 5.904   Downloading requests-2.32.3-py3-none-any.whl.metadata (4.6 kB)
#14 6.241 Collecting sdv==1.17.1 (from -r /tmp/req.spark.txt (line 22))
#14 6.297   Downloading sdv-1.17.1-py3-none-any.whl.metadata (13 kB)
#14 6.412 Collecting kafka-python==2.0.2 (from -r /tmp/req.spark.txt (line 25))
#14 6.486   Downloading kafka_python-2.0.2-py2.py3-none-any.whl.metadata (7.8 kB)
#14 6.546 Collecting pyhive==0.7.0 (from -r /tmp/req.spark.txt (line 28))
#14 6.617   Downloading PyHive-0.7.0.tar.gz (46 kB)
#14 6.643   Installing build dependencies: started
#14 8.525   Installing build dependencies: finished with status 'done'
#14 8.526   Getting requirements to build wheel: started
#14 9.003   Getting requirements to build wheel: finished with status 'done'
#14 9.005   Preparing metadata (pyproject.toml): started
#14 9.247   Preparing metadata (pyproject.toml): finished with status 'done'
#14 9.525 Collecting thrift==0.20.0 (from -r /tmp/req.spark.txt (line 29))
#14 9.588   Downloading thrift-0.20.0.tar.gz (62 kB)
#14 9.627   Installing build dependencies: started
#14 10.98   Installing build dependencies: finished with status 'done'
#14 10.98   Getting requirements to build wheel: started
#14 11.28   Getting requirements to build wheel: finished with status 'done'
#14 11.28   Preparing metadata (pyproject.toml): started
#14 11.49   Preparing metadata (pyproject.toml): finished with status 'done'
#14 11.80 Collecting thrift-sasl==0.4.3 (from -r /tmp/req.spark.txt (line 30))
#14 11.86   Downloading thrift_sasl-0.4.3-py2.py3-none-any.whl.metadata (1.2 kB)
#14 12.24 Collecting python-dotenv==1.0.1 (from -r /tmp/req.spark.txt (line 33))
#14 12.29   Downloading python_dotenv-1.0.1-py3-none-any.whl.metadata (23 kB)
#14 12.51 Collecting scikit-learn==1.5.2 (from -r /tmp/req.spark.txt (line 34))
#14 12.57   Downloading scikit_learn-1.5.2-cp312-cp312-manylinux_2_17_x86_64.manylinux2014_x86_64.whl.metadata (13 kB)
#14 12.77 Collecting psutil==5.9.8 (from -r /tmp/req.spark.txt (line 35))
#14 13.06   Downloading psutil-5.9.8-cp36-abi3-manylinux_2_12_x86_64.manylinux2010_x86_64.manylinux_2_17_x86_64.manylinux2014_x86_64.whl.metadata (21 kB)
#14 13.47 Collecting tabulate==0.9.0 (from -r /tmp/req.spark.txt (line 36))
#14 13.52   Downloading tabulate-0.9.0-py3-none-any.whl.metadata (34 kB)
#14 13.63 Collecting python-dateutil>=2.8.2 (from pandas==2.2.2->-r /tmp/req.spark.txt (line 11))
#14 13.69   Downloading python_dateutil-2.9.0.post0-py2.py3-none-any.whl.metadata (8.4 kB)
#14 13.86 Collecting pytz>=2020.1 (from pandas==2.2.2->-r /tmp/req.spark.txt (line 11))
#14 13.92   Downloading pytz-2026.2-py2.py3-none-any.whl.metadata (22 kB)
#14 14.00 Collecting tzdata>=2022.7 (from pandas==2.2.2->-r /tmp/req.spark.txt (line 11))
#14 14.06   Downloading tzdata-2026.2-py2.py3-none-any.whl.metadata (1.4 kB)
#14 14.15 Collecting et-xmlfile (from openpyxl==3.1.5->-r /tmp/req.spark.txt (line 13))
#14 14.21   Downloading et_xmlfile-2.0.0-py3-none-any.whl.metadata (2.7 kB)
#14 14.31 Collecting certifi>=2020.12.5 (from ucimlrepo==0.0.7->-r /tmp/req.spark.txt (line 17))
#14 14.37   Downloading certifi-2026.5.20-py3-none-any.whl.metadata (2.5 kB)
#14 14.61 Collecting charset-normalizer<4,>=2 (from requests==2.32.3->-r /tmp/req.spark.txt (line 19))
#14 14.65   Downloading charset_normalizer-3.4.7-cp312-cp312-manylinux2014_x86_64.manylinux_2_17_x86_64.manylinux_2_28_x86_64.whl.metadata (40 kB)
#14 14.75 Collecting idna<4,>=2.5 (from requests==2.32.3->-r /tmp/req.spark.txt (line 19))
#14 14.81   Downloading idna-3.18-py3-none-any.whl.metadata (6.1 kB)
#14 14.91 Collecting urllib3<3,>=1.21.1 (from requests==2.32.3->-r /tmp/req.spark.txt (line 19))
#14 14.97   Downloading urllib3-2.7.0-py3-none-any.whl.metadata (6.9 kB)
#14 16.08 Collecting boto3<2.0.0,>=1.28 (from sdv==1.17.1->-r /tmp/req.spark.txt (line 22))
#14 16.15   Downloading boto3-1.43.26-py3-none-any.whl.metadata (6.6 kB)
#14 16.92 Collecting botocore<2.0.0,>=1.31 (from sdv==1.17.1->-r /tmp/req.spark.txt (line 22))
#14 17.01   Downloading botocore-1.43.26-py3-none-any.whl.metadata (5.6 kB)
#14 17.42 Collecting cloudpickle>=2.1.0 (from sdv==1.17.1->-r /tmp/req.spark.txt (line 22))
#14 17.48   Downloading cloudpickle-3.1.2-py3-none-any.whl.metadata (7.1 kB)
#14 17.57 Collecting graphviz>=0.13.2 (from sdv==1.17.1->-r /tmp/req.spark.txt (line 22))
#14 17.62   Downloading graphviz-0.21-py3-none-any.whl.metadata (12 kB)
#14 17.74 Collecting tqdm>=4.29 (from sdv==1.17.1->-r /tmp/req.spark.txt (line 22))
#14 17.79   Downloading tqdm-4.68.2-py3-none-any.whl.metadata (58 kB)
#14 17.95 Collecting copulas>=0.11.0 (from sdv==1.17.1->-r /tmp/req.spark.txt (line 22))
#14 18.02   Downloading copulas-0.14.1-py3-none-any.whl.metadata (9.7 kB)
#14 18.12 Collecting ctgan>=0.10.0 (from sdv==1.17.1->-r /tmp/req.spark.txt (line 22))
#14 18.18   Downloading ctgan-0.12.1-py3-none-any.whl.metadata (10 kB)
#14 18.26 Collecting deepecho>=0.6.0 (from sdv==1.17.1->-r /tmp/req.spark.txt (line 22))
#14 18.31   Downloading deepecho-0.8.1-py3-none-any.whl.metadata (11 kB)
#14 18.41 Collecting rdt>=1.12.3 (from sdv==1.17.1->-r /tmp/req.spark.txt (line 22))
#14 18.46   Downloading rdt-1.21.0-py3-none-any.whl.metadata (11 kB)
#14 18.57 Collecting sdmetrics>=0.16.0 (from sdv==1.17.1->-r /tmp/req.spark.txt (line 22))
#14 18.63   Downloading sdmetrics-0.28.0-py3-none-any.whl.metadata (9.9 kB)
#14 18.65 Requirement already satisfied: platformdirs>=4.0 in /opt/bitnami/python/lib/python3.12/site-packages (from sdv==1.17.1->-r /tmp/req.spark.txt (line 22)) (4.3.8)
#14 18.78 Collecting pyyaml>=6.0.1 (from sdv==1.17.1->-r /tmp/req.spark.txt (line 22))
#14 18.85   Downloading pyyaml-6.0.3-cp312-cp312-manylinux2014_x86_64.manylinux_2_17_x86_64.manylinux_2_28_x86_64.whl.metadata (2.4 kB)
#14 18.96 Collecting future (from pyhive==0.7.0->-r /tmp/req.spark.txt (line 28))
#14 19.01   Downloading future-1.0.0-py3-none-any.whl.metadata (4.0 kB)
#14 19.09 Collecting six>=1.7.2 (from thrift==0.20.0->-r /tmp/req.spark.txt (line 29))
#14 19.15   Downloading six-1.17.0-py2.py3-none-any.whl.metadata (1.7 kB)
#14 19.22 Collecting pure-sasl>=0.6.2 (from thrift-sasl==0.4.3->-r /tmp/req.spark.txt (line 30))
#14 19.27   Downloading pure-sasl-0.6.2.tar.gz (11 kB)
#14 19.28   Installing build dependencies: started
#14 21.11   Installing build dependencies: finished with status 'done'
#14 21.12   Getting requirements to build wheel: started
#14 21.57   Getting requirements to build wheel: finished with status 'done'
#14 21.57   Preparing metadata (pyproject.toml): started
#14 21.82   Preparing metadata (pyproject.toml): finished with status 'done'
#14 22.11 Collecting scipy>=1.6.0 (from scikit-learn==1.5.2->-r /tmp/req.spark.txt (line 34))
#14 22.20   Downloading scipy-1.17.1-cp312-cp312-manylinux_2_27_x86_64.manylinux_2_28_x86_64.whl.metadata (62 kB)
#14 22.32 Collecting joblib>=1.2.0 (from scikit-learn==1.5.2->-r /tmp/req.spark.txt (line 34))
#14 22.38   Downloading joblib-1.5.3-py3-none-any.whl.metadata (5.5 kB)
#14 22.45 Collecting threadpoolctl>=3.1.0 (from scikit-learn==1.5.2->-r /tmp/req.spark.txt (line 34))
#14 22.51   Downloading threadpoolctl-3.6.0-py3-none-any.whl.metadata (13 kB)
#14 22.82 Collecting jmespath<2.0.0,>=0.7.1 (from boto3<2.0.0,>=1.28->sdv==1.17.1->-r /tmp/req.spark.txt (line 22))
#14 22.89   Downloading jmespath-1.1.0-py3-none-any.whl.metadata (7.6 kB)
#14 22.97 Collecting s3transfer<0.19.0,>=0.18.0 (from boto3<2.0.0,>=1.28->sdv==1.17.1->-r /tmp/req.spark.txt (line 22))
#14 23.04   Downloading s3transfer-0.18.0-py3-none-any.whl.metadata (1.7 kB)
#14 23.62 Collecting plotly>=5.10.0 (from copulas>=0.11.0->sdv==1.17.1->-r /tmp/req.spark.txt (line 22))
#14 23.68   Downloading plotly-6.8.0-py3-none-any.whl.metadata (9.0 kB)
#14 23.84 Collecting torch>=2.3.0 (from ctgan>=0.10.0->sdv==1.17.1->-r /tmp/req.spark.txt (line 22))
#14 23.91   Downloading torch-2.12.0-cp312-cp312-manylinux_2_28_x86_64.whl.metadata (31 kB)
#14 24.10 Collecting narwhals>=1.15.1 (from plotly>=5.10.0->copulas>=0.11.0->sdv==1.17.1->-r /tmp/req.spark.txt (line 22))
#14 24.17   Downloading narwhals-2.22.1-py3-none-any.whl.metadata (15 kB)
#14 24.26 Collecting packaging (from plotly>=5.10.0->copulas>=0.11.0->sdv==1.17.1->-r /tmp/req.spark.txt (line 22))
#14 24.36   Downloading packaging-26.2-py3-none-any.whl.metadata (3.5 kB)
#14 24.84 Collecting Faker!=37.11.0,>=17 (from rdt>=1.12.3->sdv==1.17.1->-r /tmp/req.spark.txt (line 22))
#14 24.92   Downloading faker-40.22.0-py3-none-any.whl.metadata (16 kB)
#14 24.99 Requirement already satisfied: filelock in /opt/bitnami/python/lib/python3.12/site-packages (from torch>=2.3.0->ctgan>=0.10.0->sdv==1.17.1->-r /tmp/req.spark.txt (line 22)) (3.18.0)
#14 25.34 Collecting typing-extensions>=4.10.0 (from torch>=2.3.0->ctgan>=0.10.0->sdv==1.17.1->-r /tmp/req.spark.txt (line 22))
#14 25.40   Downloading typing_extensions-4.15.0-py3-none-any.whl.metadata (3.3 kB)
#14 25.41 Requirement already satisfied: setuptools<82 in /opt/bitnami/python/lib/python3.12/site-packages (from torch>=2.3.0->ctgan>=0.10.0->sdv==1.17.1->-r /tmp/req.spark.txt (line 22)) (80.9.0)
#14 25.49 Collecting sympy>=1.13.3 (from torch>=2.3.0->ctgan>=0.10.0->sdv==1.17.1->-r /tmp/req.spark.txt (line 22))
#14 25.60   Downloading sympy-1.14.0-py3-none-any.whl.metadata (12 kB)
#14 25.70 Collecting networkx>=2.5.1 (from torch>=2.3.0->ctgan>=0.10.0->sdv==1.17.1->-r /tmp/req.spark.txt (line 22))
#14 25.74   Downloading networkx-3.6.1-py3-none-any.whl.metadata (6.8 kB)
#14 25.84 Collecting jinja2 (from torch>=2.3.0->ctgan>=0.10.0->sdv==1.17.1->-r /tmp/req.spark.txt (line 22))
#14 25.90   Downloading jinja2-3.1.6-py3-none-any.whl.metadata (2.9 kB)
#14 25.99 Collecting fsspec>=0.8.5 (from torch>=2.3.0->ctgan>=0.10.0->sdv==1.17.1->-r /tmp/req.spark.txt (line 22))
#14 26.06   Downloading fsspec-2026.4.0-py3-none-any.whl.metadata (10 kB)
#14 26.18 Collecting cuda-toolkit==13.0.2 (from cuda-toolkit[cudart,cufft,cufile,cupti,curand,cusolver,cusparse,nvjitlink,nvrtc,nvtx]==13.0.2; platform_system == "Linux"->torch>=2.3.0->ctgan>=0.10.0->sdv==1.17.1->-r /tmp/req.spark.txt (line 22))
#14 26.23   Downloading cuda_toolkit-13.0.2-py2.py3-none-any.whl.metadata (9.4 kB)
#14 26.33 Collecting nvidia-cublas<=13.1.1.3,>=13.1.0.3 (from torch>=2.3.0->ctgan>=0.10.0->sdv==1.17.1->-r /tmp/req.spark.txt (line 22))
#14 26.57   Downloading nvidia_cublas-13.1.1.3-py3-none-manylinux_2_27_x86_64.whl.metadata (1.8 kB)
#14 26.70 Collecting cuda-bindings<14,>=13.0.3 (from torch>=2.3.0->ctgan>=0.10.0->sdv==1.17.1->-r /tmp/req.spark.txt (line 22))
#14 26.78   Downloading cuda_bindings-13.3.1-cp312-cp312-manylinux_2_24_x86_64.manylinux_2_28_x86_64.whl.metadata (2.5 kB)
#14 26.86 Collecting nvidia-cudnn-cu13==9.20.0.48 (from torch>=2.3.0->ctgan>=0.10.0->sdv==1.17.1->-r /tmp/req.spark.txt (line 22))
#14 26.95   Downloading nvidia_cudnn_cu13-9.20.0.48-py3-none-manylinux_2_27_x86_64.whl.metadata (1.9 kB)
#14 27.02 Collecting nvidia-cusparselt-cu13==0.8.1 (from torch>=2.3.0->ctgan>=0.10.0->sdv==1.17.1->-r /tmp/req.spark.txt (line 22))
#14 27.07   Downloading nvidia_cusparselt_cu13-0.8.1-py3-none-manylinux2014_x86_64.whl.metadata (12 kB)
#14 27.18 Collecting nvidia-nccl-cu13==2.29.7 (from torch>=2.3.0->ctgan>=0.10.0->sdv==1.17.1->-r /tmp/req.spark.txt (line 22))
#14 27.24   Downloading nvidia_nccl_cu13-2.29.7-py3-none-manylinux_2_18_x86_64.whl.metadata (2.1 kB)
#14 27.34 Collecting nvidia-nvshmem-cu13==3.4.5 (from torch>=2.3.0->ctgan>=0.10.0->sdv==1.17.1->-r /tmp/req.spark.txt (line 22))
#14 27.41   Downloading nvidia_nvshmem_cu13-3.4.5-py3-none-manylinux2014_x86_64.manylinux_2_17_x86_64.whl.metadata (2.1 kB)
#14 27.51 Collecting triton==3.7.0 (from torch>=2.3.0->ctgan>=0.10.0->sdv==1.17.1->-r /tmp/req.spark.txt (line 22))
#14 27.57   Downloading triton-3.7.0-cp312-cp312-manylinux_2_27_x86_64.manylinux_2_28_x86_64.whl.metadata (1.7 kB)
#14 27.66 Collecting nvidia-cuda-runtime==13.0.96.* (from cuda-toolkit[cudart,cufft,cufile,cupti,curand,cusolver,cusparse,nvjitlink,nvrtc,nvtx]==13.0.2; platform_system == "Linux"->torch>=2.3.0->ctgan>=0.10.0->sdv==1.17.1->-r /tmp/req.spark.txt (line 22))
#14 27.70   Downloading nvidia_cuda_runtime-13.0.96-py3-none-manylinux2014_x86_64.manylinux_2_17_x86_64.whl.metadata (1.7 kB)
#14 27.77 Collecting nvidia-cufft==12.0.0.61.* (from cuda-toolkit[cudart,cufft,cufile,cupti,curand,cusolver,cusparse,nvjitlink,nvrtc,nvtx]==13.0.2; platform_system == "Linux"->torch>=2.3.0->ctgan>=0.10.0->sdv==1.17.1->-r /tmp/req.spark.txt (line 22))
#14 27.82   Downloading nvidia_cufft-12.0.0.61-py3-none-manylinux2014_x86_64.manylinux_2_17_x86_64.whl.metadata (1.8 kB)
#14 27.88 Collecting nvidia-cufile==1.15.1.6.* (from cuda-toolkit[cudart,cufft,cufile,cupti,curand,cusolver,cusparse,nvjitlink,nvrtc,nvtx]==13.0.2; platform_system == "Linux"->torch>=2.3.0->ctgan>=0.10.0->sdv==1.17.1->-r /tmp/req.spark.txt (line 22))
#14 27.93   Downloading nvidia_cufile-1.15.1.6-py3-none-manylinux2014_x86_64.manylinux_2_17_x86_64.whl.metadata (1.7 kB)
#14 27.99 Collecting nvidia-cuda-cupti==13.0.85.* (from cuda-toolkit[cudart,cufft,cufile,cupti,curand,cusolver,cusparse,nvjitlink,nvrtc,nvtx]==13.0.2; platform_system == "Linux"->torch>=2.3.0->ctgan>=0.10.0->sdv==1.17.1->-r /tmp/req.spark.txt (line 22))
#14 28.04   Downloading nvidia_cuda_cupti-13.0.85-py3-none-manylinux_2_25_x86_64.whl.metadata (1.7 kB)
#14 28.11 Collecting nvidia-curand==10.4.0.35.* (from cuda-toolkit[cudart,cufft,cufile,cupti,curand,cusolver,cusparse,nvjitlink,nvrtc,nvtx]==13.0.2; platform_system == "Linux"->torch>=2.3.0->ctgan>=0.10.0->sdv==1.17.1->-r /tmp/req.spark.txt (line 22))
#14 28.17   Downloading nvidia_curand-10.4.0.35-py3-none-manylinux_2_27_x86_64.whl.metadata (1.7 kB)
#14 28.25 Collecting nvidia-cusolver==12.0.4.66.* (from cuda-toolkit[cudart,cufft,cufile,cupti,curand,cusolver,cusparse,nvjitlink,nvrtc,nvtx]==13.0.2; platform_system == "Linux"->torch>=2.3.0->ctgan>=0.10.0->sdv==1.17.1->-r /tmp/req.spark.txt (line 22))
#14 28.31   Downloading nvidia_cusolver-12.0.4.66-py3-none-manylinux_2_27_x86_64.whl.metadata (1.8 kB)
#14 28.37 Collecting nvidia-cusparse==12.6.3.3.* (from cuda-toolkit[cudart,cufft,cufile,cupti,curand,cusolver,cusparse,nvjitlink,nvrtc,nvtx]==13.0.2; platform_system == "Linux"->torch>=2.3.0->ctgan>=0.10.0->sdv==1.17.1->-r /tmp/req.spark.txt (line 22))
#14 28.42   Downloading nvidia_cusparse-12.6.3.3-py3-none-manylinux2014_x86_64.manylinux_2_17_x86_64.whl.metadata (1.8 kB)
#14 28.50 Collecting nvidia-nvjitlink==13.0.88.* (from cuda-toolkit[cudart,cufft,cufile,cupti,curand,cusolver,cusparse,nvjitlink,nvrtc,nvtx]==13.0.2; platform_system == "Linux"->torch>=2.3.0->ctgan>=0.10.0->sdv==1.17.1->-r /tmp/req.spark.txt (line 22))
#14 28.56   Downloading nvidia_nvjitlink-13.0.88-py3-none-manylinux2010_x86_64.manylinux_2_12_x86_64.whl.metadata (1.7 kB)
#14 28.62 Collecting nvidia-cuda-nvrtc==13.0.88.* (from cuda-toolkit[cudart,cufft,cufile,cupti,curand,cusolver,cusparse,nvjitlink,nvrtc,nvtx]==13.0.2; platform_system == "Linux"->torch>=2.3.0->ctgan>=0.10.0->sdv==1.17.1->-r /tmp/req.spark.txt (line 22))
#14 28.68   Downloading nvidia_cuda_nvrtc-13.0.88-py3-none-manylinux2010_x86_64.manylinux_2_12_x86_64.whl.metadata (1.7 kB)
#14 28.74 Collecting nvidia-nvtx==13.0.85.* (from cuda-toolkit[cudart,cufft,cufile,cupti,curand,cusolver,cusparse,nvjitlink,nvrtc,nvtx]==13.0.2; platform_system == "Linux"->torch>=2.3.0->ctgan>=0.10.0->sdv==1.17.1->-r /tmp/req.spark.txt (line 22))
#14 28.79   Downloading nvidia_nvtx-13.0.85-py3-none-manylinux1_x86_64.manylinux_2_5_x86_64.whl.metadata (1.8 kB)
#14 28.89 Collecting cuda-pathfinder>=1.4.2 (from cuda-bindings<14,>=13.0.3->torch>=2.3.0->ctgan>=0.10.0->sdv==1.17.1->-r /tmp/req.spark.txt (line 22))
#14 28.93   Downloading cuda_pathfinder-1.5.5-py3-none-any.whl.metadata (1.9 kB)
#14 29.05 Collecting mpmath<1.4,>=1.1.0 (from sympy>=1.13.3->torch>=2.3.0->ctgan>=0.10.0->sdv==1.17.1->-r /tmp/req.spark.txt (line 22))
#14 29.11   Downloading mpmath-1.3.0-py3-none-any.whl.metadata (8.6 kB)
#14 29.26 Collecting MarkupSafe>=2.0 (from jinja2->torch>=2.3.0->ctgan>=0.10.0->sdv==1.17.1->-r /tmp/req.spark.txt (line 22))
#14 29.32   Downloading markupsafe-3.0.3-cp312-cp312-manylinux2014_x86_64.manylinux_2_17_x86_64.manylinux_2_28_x86_64.whl.metadata (2.7 kB)
#14 29.39 Downloading pandas-2.2.2-cp312-cp312-manylinux_2_17_x86_64.manylinux2014_x86_64.whl (12.7 MB)
#14 32.73    ━━━━━━━━━━━━━━━━━━━━━━━━━━━━━━━━━━━━━━━━ 12.7/12.7 MB 3.8 MB/s eta 0:00:00
#14 32.78 Downloading numpy-1.26.4-cp312-cp312-manylinux_2_17_x86_64.manylinux2014_x86_64.whl (18.0 MB)
#14 35.71    ━━━━━━━━━━━━━━━━━━━━━━━━━━━━━━━━━━━━━━━━ 18.0/18.0 MB 6.1 MB/s eta 0:00:00
#14 35.79 Downloading openpyxl-3.1.5-py2.py3-none-any.whl (250 kB)
#14 35.88 Downloading xlrd-2.0.1-py2.py3-none-any.whl (96 kB)
#14 35.97 Downloading ucimlrepo-0.0.7-py3-none-any.whl (8.0 kB)
#14 36.04 Downloading fredapi-0.5.2-py3-none-any.whl (11 kB)
#14 36.10 Downloading requests-2.32.3-py3-none-any.whl (64 kB)
#14 36.17 Downloading sdv-1.17.1-py3-none-any.whl (152 kB)
#14 36.25 Downloading kafka_python-2.0.2-py2.py3-none-any.whl (246 kB)
#14 36.38 Downloading thrift_sasl-0.4.3-py2.py3-none-any.whl (8.3 kB)
#14 36.45 Downloading python_dotenv-1.0.1-py3-none-any.whl (19 kB)
#14 36.52 Downloading scikit_learn-1.5.2-cp312-cp312-manylinux_2_17_x86_64.manylinux2014_x86_64.whl (12.9 MB)
#14 38.76    ━━━━━━━━━━━━━━━━━━━━━━━━━━━━━━━━━━━━━━━━ 12.9/12.9 MB 5.8 MB/s eta 0:00:00
#14 38.80 Downloading psutil-5.9.8-cp36-abi3-manylinux_2_12_x86_64.manylinux2010_x86_64.manylinux_2_17_x86_64.manylinux2014_x86_64.whl (288 kB)
#14 38.93 Downloading tabulate-0.9.0-py3-none-any.whl (35 kB)
#14 38.98 Downloading boto3-1.43.26-py3-none-any.whl (140 kB)
#14 39.08 Downloading botocore-1.43.26-py3-none-any.whl (15.2 MB)
#14 41.61    ━━━━━━━━━━━━━━━━━━━━━━━━━━━━━━━━━━━━━━━━ 15.2/15.2 MB 6.0 MB/s eta 0:00:00
#14 41.68 Downloading charset_normalizer-3.4.7-cp312-cp312-manylinux2014_x86_64.manylinux_2_17_x86_64.manylinux_2_28_x86_64.whl (216 kB)
#14 41.78 Downloading idna-3.18-py3-none-any.whl (65 kB)
#14 41.85 Downloading jmespath-1.1.0-py3-none-any.whl (20 kB)
#14 41.91 Downloading python_dateutil-2.9.0.post0-py2.py3-none-any.whl (229 kB)
#14 42.02 Downloading s3transfer-0.18.0-py3-none-any.whl (88 kB)
#14 42.09 Downloading urllib3-2.7.0-py3-none-any.whl (131 kB)
#14 42.17 Downloading certifi-2026.5.20-py3-none-any.whl (134 kB)
#14 42.34 Downloading cloudpickle-3.1.2-py3-none-any.whl (22 kB)
#14 42.39 Downloading copulas-0.14.1-py3-none-any.whl (52 kB)
#14 42.48 Downloading ctgan-0.12.1-py3-none-any.whl (25 kB)
#14 42.54 Downloading deepecho-0.8.1-py3-none-any.whl (28 kB)
#14 42.64 Downloading graphviz-0.21-py3-none-any.whl (47 kB)
#14 42.71 Downloading joblib-1.5.3-py3-none-any.whl (309 kB)
#14 42.82 Downloading plotly-6.8.0-py3-none-any.whl (9.9 MB)
#14 44.94    ━━━━━━━━━━━━━━━━━━━━━━━━━━━━━━━━━━━━━━━━ 9.9/9.9 MB 4.8 MB/s eta 0:00:00
#14 45.01 Downloading narwhals-2.22.1-py3-none-any.whl (454 kB)
#14 45.13 Downloading pytz-2026.2-py2.py3-none-any.whl (510 kB)
#14 45.31 Downloading pyyaml-6.0.3-cp312-cp312-manylinux2014_x86_64.manylinux_2_17_x86_64.manylinux_2_28_x86_64.whl (807 kB)
#14 45.48    ━━━━━━━━━━━━━━━━━━━━━━━━━━━━━━━━━━━━━━━━ 807.9/807.9 kB 4.1 MB/s eta 0:00:00
#14 45.86 Downloading rdt-1.21.0-py3-none-any.whl (74 kB)
#14 45.94 Downloading faker-40.22.0-py3-none-any.whl (2.0 MB)
#14 46.18    ━━━━━━━━━━━━━━━━━━━━━━━━━━━━━━━━━━━━━━━━ 2.0/2.0 MB 8.6 MB/s eta 0:00:00
#14 46.23 Downloading scipy-1.17.1-cp312-cp312-manylinux_2_27_x86_64.manylinux_2_28_x86_64.whl (35.2 MB)
#14 52.82    ━━━━━━━━━━━━━━━━━━━━━━━━━━━━━━━━━━━━━━━━ 35.2/35.2 MB 5.3 MB/s eta 0:00:00
#14 52.89 Downloading sdmetrics-0.28.0-py3-none-any.whl (202 kB)
#14 52.95 Downloading six-1.17.0-py2.py3-none-any.whl (11 kB)
#14 53.01 Downloading threadpoolctl-3.6.0-py3-none-any.whl (18 kB)
#14 53.08 Downloading torch-2.12.0-cp312-cp312-manylinux_2_28_x86_64.whl (532.3 MB)
#14 158.8    ━━━━━━━━━━━━━━━━━━━━━━━━━━━━━━━━━━━━━━━━ 532.3/532.3 MB 5.2 MB/s eta 0:00:00
#14 158.9 Downloading cuda_toolkit-13.0.2-py2.py3-none-any.whl (2.4 kB)
#14 158.9 Downloading nvidia_cudnn_cu13-9.20.0.48-py3-none-manylinux_2_27_x86_64.whl (366.2 MB)
#14 235.1    ━━━━━━━━━━━━━━━━━━━━━━━━━━━━━━━━━━━━━━━━ 366.2/366.2 MB 4.5 MB/s eta 0:00:00
#14 235.3 Downloading nvidia_cusparselt_cu13-0.8.1-py3-none-manylinux2014_x86_64.whl (170.1 MB)
#14 320.4    ━━━━━━━━━━━━━━━━━━━━━━━━━━━━━━━━━━━━━━━━ 170.1/170.1 MB 3.1 MB/s eta 0:00:00
#14 320.5 Downloading nvidia_nccl_cu13-2.29.7-py3-none-manylinux_2_18_x86_64.whl (206.0 MB)
#14 383.0    ━━━━━━━━━━━━━━━━━━━━━━━━━━━━━━━━━━━━━━━━ 206.0/206.0 MB 3.3 MB/s eta 0:00:00
#14 383.1 Downloading nvidia_nvshmem_cu13-3.4.5-py3-none-manylinux2014_x86_64.manylinux_2_17_x86_64.whl (60.4 MB)
#14 414.3    ━━━━━━━━━━━━━━━━━━━━━━━━━━━━━━━━━━━━━━━━ 60.4/60.4 MB 1.9 MB/s eta 0:00:00
#14 414.3 Downloading triton-3.7.0-cp312-cp312-manylinux_2_27_x86_64.manylinux_2_28_x86_64.whl (201.5 MB)
#14 463.6    ━━━━━━━━━━━━━━━━━━━━━━━━━━━━━━━━━━━━━━━━ 201.5/201.5 MB 5.1 MB/s eta 0:00:00
#14 463.8 Downloading cuda_bindings-13.3.1-cp312-cp312-manylinux_2_24_x86_64.manylinux_2_28_x86_64.whl (6.7 MB)
#14 465.3    ━━━━━━━━━━━━━━━━━━━━━━━━━━━━━━━━━━━━━━━━ 6.7/6.7 MB 4.4 MB/s eta 0:00:00
#14 465.3 Downloading nvidia_cublas-13.1.1.3-py3-none-manylinux_2_27_x86_64.whl (423.1 MB)
#14 612.8    ━━━━━━━━━━━━━━━━━━━━━━━━━━━━━━━━━━━━━━━━ 423.1/423.1 MB 3.1 MB/s eta 0:00:00
#14 612.9 Downloading nvidia_cuda_cupti-13.0.85-py3-none-manylinux_2_25_x86_64.whl (10.7 MB)
#14 615.9    ━━━━━━━━━━━━━━━━━━━━━━━━━━━━━━━━━━━━━━━━ 10.7/10.7 MB 3.5 MB/s eta 0:00:00
#14 616.0 Downloading nvidia_cuda_nvrtc-13.0.88-py3-none-manylinux2010_x86_64.manylinux_2_12_x86_64.whl (90.2 MB)
#14 649.0    ━━━━━━━━━━━━━━━━━━━━━━━━━━━━━━━━━━━━━━━━ 90.2/90.2 MB 2.7 MB/s eta 0:00:00
#14 649.0 Downloading nvidia_cuda_runtime-13.0.96-py3-none-manylinux2014_x86_64.manylinux_2_17_x86_64.whl (2.2 MB)
#14 649.7    ━━━━━━━━━━━━━━━━━━━━━━━━━━━━━━━━━━━━━━━━ 2.2/2.2 MB 3.5 MB/s eta 0:00:00
#14 649.7 Downloading nvidia_cufft-12.0.0.61-py3-none-manylinux2014_x86_64.manylinux_2_17_x86_64.whl (214.1 MB)
#14 709.4    ━━━━━━━━━━━━━━━━━━━━━━━━━━━━━━━━━━━━━━━━ 214.1/214.1 MB 3.7 MB/s eta 0:00:00
#14 709.5 Downloading nvidia_cufile-1.15.1.6-py3-none-manylinux2014_x86_64.manylinux_2_17_x86_64.whl (1.2 MB)
#14 709.9    ━━━━━━━━━━━━━━━━━━━━━━━━━━━━━━━━━━━━━━━━ 1.2/1.2 MB 2.6 MB/s eta 0:00:00
#14 710.1 Downloading nvidia_curand-10.4.0.35-py3-none-manylinux_2_27_x86_64.whl (59.5 MB)
#14 725.8    ━━━━━━━━━━━━━━━━━━━━━━━━━━━━━━━━━━━━━━━━ 59.5/59.5 MB 3.8 MB/s eta 0:00:00
#14 725.9 Downloading nvidia_cusolver-12.0.4.66-py3-none-manylinux_2_27_x86_64.whl (200.9 MB)
#14 793.0    ━━━━━━━━━━━━━━━━━━━━━━━━━━━━━━━━━━━━━━━━ 200.9/200.9 MB 2.9 MB/s eta 0:00:00
#14 793.1 Downloading nvidia_cusparse-12.6.3.3-py3-none-manylinux2014_x86_64.manylinux_2_17_x86_64.whl (145.9 MB)
#14 849.3    ━━━━━━━━━━━━━━━━━━━━━━━━━━━━━━━━━━━━━━━━ 145.9/145.9 MB 2.4 MB/s eta 0:00:00
#14 849.4 Downloading nvidia_nvjitlink-13.0.88-py3-none-manylinux2010_x86_64.manylinux_2_12_x86_64.whl (40.7 MB)
#14 886.6    ━━━━━━━━━━━━━━━━━━━━━━━━━━━━━━━━━━━━━━━━ 40.7/40.7 MB 901.9 kB/s eta 0:00:00
#14 886.6 Downloading nvidia_nvtx-13.0.85-py3-none-manylinux1_x86_64.manylinux_2_5_x86_64.whl (148 kB)
#14 886.8 Downloading cuda_pathfinder-1.5.5-py3-none-any.whl (51 kB)
#14 886.9 Downloading fsspec-2026.4.0-py3-none-any.whl (203 kB)
#14 887.1 Downloading networkx-3.6.1-py3-none-any.whl (2.1 MB)
#14 888.1    ━━━━━━━━━━━━━━━━━━━━━━━━━━━━━━━━━━━━━━━━ 2.1/2.1 MB 2.5 MB/s eta 0:00:00
#14 888.2 Downloading sympy-1.14.0-py3-none-any.whl (6.3 MB)
#14 891.1    ━━━━━━━━━━━━━━━━━━━━━━━━━━━━━━━━━━━━━━━━ 6.3/6.3 MB 2.2 MB/s eta 0:00:00
#14 891.2 Downloading mpmath-1.3.0-py3-none-any.whl (536 kB)
#14 891.6    ━━━━━━━━━━━━━━━━━━━━━━━━━━━━━━━━━━━━━━━━ 536.2/536.2 kB 2.0 MB/s eta 0:00:00
#14 891.6 Downloading tqdm-4.68.2-py3-none-any.whl (78 kB)
#14 891.7 Downloading typing_extensions-4.15.0-py3-none-any.whl (44 kB)
#14 891.8 Downloading tzdata-2026.2-py2.py3-none-any.whl (349 kB)
#14 892.3 Downloading et_xmlfile-2.0.0-py3-none-any.whl (18 kB)
#14 892.4 Downloading future-1.0.0-py3-none-any.whl (491 kB)
#14 893.0 Downloading jinja2-3.1.6-py3-none-any.whl (134 kB)
#14 893.2 Downloading markupsafe-3.0.3-cp312-cp312-manylinux2014_x86_64.manylinux_2_17_x86_64.manylinux_2_28_x86_64.whl (22 kB)
#14 893.3 Downloading packaging-26.2-py3-none-any.whl (100 kB)
#14 904.6 Building wheels for collected packages: pyhive, thrift, pure-sasl
#14 904.7   Building wheel for pyhive (pyproject.toml): started
#14 905.3   Building wheel for pyhive (pyproject.toml): finished with status 'done'
#14 905.3   Created wheel for pyhive: filename=pyhive-0.7.0-py3-none-any.whl size=53962 sha256=3c77bdd2e7e7c75a452f29f6eaa2d0ce706fdf6e008ea3a97de00b8d66b0915b
#14 905.3   Stored in directory: /tmp/pip-ephem-wheel-cache-xqvfukur/wheels/27/2a/68/cfd081f4e5b676546fd54c3deb5f4db323666b8441cdd91a1b
#14 905.3   Building wheel for thrift (pyproject.toml): started
#14 905.9   Building wheel for thrift (pyproject.toml): finished with status 'done'
#14 905.9   Created wheel for thrift: filename=thrift-0.20.0-py3-none-any.whl size=196229 sha256=c3335696743b3d94634054a4259b3b068c4e62501ee1c4b8b9ead11957adc5f2
#14 905.9   Stored in directory: /tmp/pip-ephem-wheel-cache-xqvfukur/wheels/57/4d/9e/539ef8e052f8e2db244ddf8ac1f2e623b4663f2ee233ffafb1
#14 905.9   Building wheel for pure-sasl (pyproject.toml): started
#14 906.1   Building wheel for pure-sasl (pyproject.toml): finished with status 'done'
#14 906.2   Created wheel for pure-sasl: filename=pure_sasl-0.6.2-py3-none-any.whl size=11519 sha256=85755545e86a26575374b164e95c2f330c05281ce9754f295b17f47187383eff
#14 906.2   Stored in directory: /tmp/pip-ephem-wheel-cache-xqvfukur/wheels/5d/bf/32/7369b8b034de66e1c91d3ac3dafbff77ae3c97b9c5c97ea1b2
#14 906.2 Successfully built pyhive thrift pure-sasl
#14 906.5 Installing collected packages: pytz, pure-sasl, nvidia-cusparselt-cu13, mpmath, kafka-python, cuda-toolkit, xlrd, urllib3, tzdata, typing-extensions, triton, tqdm, threadpoolctl, tabulate, sympy, six, pyyaml, python-dotenv, psutil, packaging, nvidia-nvtx, nvidia-nvshmem-cu13, nvidia-nvjitlink, nvidia-nccl-cu13, nvidia-curand, nvidia-cufile, nvidia-cuda-runtime, nvidia-cuda-nvrtc, nvidia-cuda-cupti, numpy, networkx, narwhals, MarkupSafe, joblib, jmespath, idna, graphviz, future, fsspec, Faker, et-xmlfile, cuda-pathfinder, cloudpickle, charset-normalizer, certifi, thrift, scipy, requests, python-dateutil, plotly, openpyxl, nvidia-cusparse, nvidia-cufft, nvidia-cublas, jinja2, cuda-bindings, thrift-sasl, scikit-learn, pyhive, pandas, nvidia-cusolver, nvidia-cudnn-cu13, botocore, ucimlrepo, s3transfer, rdt, fredapi, copulas, torch, sdmetrics, boto3, deepecho, ctgan, sdv
#14 975.4 
#14 975.4 Successfully installed Faker-40.22.0 MarkupSafe-3.0.3 boto3-1.43.26 botocore-1.43.26 certifi-2026.5.20 charset-normalizer-3.4.7 cloudpickle-3.1.2 copulas-0.14.1 ctgan-0.12.1 cuda-bindings-13.3.1 cuda-pathfinder-1.5.5 cuda-toolkit-13.0.2 deepecho-0.8.1 et-xmlfile-2.0.0 fredapi-0.5.2 fsspec-2026.4.0 future-1.0.0 graphviz-0.21 idna-3.18 jinja2-3.1.6 jmespath-1.1.0 joblib-1.5.3 kafka-python-2.0.2 mpmath-1.3.0 narwhals-2.22.1 networkx-3.6.1 numpy-1.26.4 nvidia-cublas-13.1.1.3 nvidia-cuda-cupti-13.0.85 nvidia-cuda-nvrtc-13.0.88 nvidia-cuda-runtime-13.0.96 nvidia-cudnn-cu13-9.20.0.48 nvidia-cufft-12.0.0.61 nvidia-cufile-1.15.1.6 nvidia-curand-10.4.0.35 nvidia-cusolver-12.0.4.66 nvidia-cusparse-12.6.3.3 nvidia-cusparselt-cu13-0.8.1 nvidia-nccl-cu13-2.29.7 nvidia-nvjitlink-13.0.88 nvidia-nvshmem-cu13-3.4.5 nvidia-nvtx-13.0.85 openpyxl-3.1.5 packaging-26.2 pandas-2.2.2 plotly-6.8.0 psutil-5.9.8 pure-sasl-0.6.2 pyhive-0.7.0 python-dateutil-2.9.0.post0 python-dotenv-1.0.1 pytz-2026.2 pyyaml-6.0.3 rdt-1.21.0 requests-2.32.3 s3transfer-0.18.0 scikit-learn-1.5.2 scipy-1.17.1 sdmetrics-0.28.0 sdv-1.17.1 six-1.17.0 sympy-1.14.0 tabulate-0.9.0 threadpoolctl-3.6.0 thrift-0.20.0 thrift-sasl-0.4.3 torch-2.12.0 tqdm-4.68.2 triton-3.7.0 typing-extensions-4.15.0 tzdata-2026.2 ucimlrepo-0.0.7 urllib3-2.7.0 xlrd-2.0.1
#14 975.4 WARNING: Running pip as the 'root' user can result in broken permissions and conflicting behaviour with the system package manager, possibly rendering your system unusable. It is recommended to use a virtual environment instead: https://pip.pypa.io/warnings/venv. Use the --root-user-action option if you know what you are doing and want to suppress this warning.
#14 DONE 978.1s

#19 [spark-master] exporting to image
#19 exporting layers
#19 exporting layers 172.5s done
#19 exporting manifest sha256:9c832bd4bb894ac1769bf9847f62707f2d5bb61a6032c08d7400a2991056dc07 0.0s done
#19 exporting config sha256:1ae0cfd629f0a373c85891c08a1f0143082ab6278af411a61e7216ce218f5184 0.0s done
#19 exporting attestation manifest sha256:65019aa7153ede624cfb14b690589ffceb00c6868c845306c874eca9a840f856 0.1s done
#19 exporting manifest list sha256:c09f535a48c78773b1d1a81666a74611625eeb3005926ce888d32e41b57b9ac4
#19 exporting manifest list sha256:c09f535a48c78773b1d1a81666a74611625eeb3005926ce888d32e41b57b9ac4 0.0s done
#19 naming to docker.io/library/bigdata-spark:3.5 0.0s done
#19 unpacking to docker.io/library/bigdata-spark:3.5
#19 unpacking to docker.io/library/bigdata-spark:3.5 33.9s done
#19 DONE 206.7s

#20 [spark-master] resolving provenance for metadata file
#20 DONE 0.1s
 bigdata-spark:3.5  Built
 bigdata-hive:4.0.0  Built
