26/06/10 03:19:03 INFO SparkContext: Running Spark version 3.5.6
26/06/10 03:19:03 INFO SparkContext: OS info Linux, 6.6.114.1-microsoft-standard-WSL2, amd64
26/06/10 03:19:03 INFO SparkContext: Java version 17.0.15
26/06/10 03:19:03 INFO ResourceUtils: ==============================================================
26/06/10 03:19:03 INFO ResourceUtils: No custom resources configured for spark.driver.
26/06/10 03:19:03 INFO ResourceUtils: ==============================================================
26/06/10 03:19:03 INFO SparkContext: Submitted application: elt-extract-load
26/06/10 03:19:03 INFO ResourceProfile: Default ResourceProfile created, executor resources: Map(cores -> name: cores, amount: 1, script: , vendor: , memory -> name: memory, amount: 1024, script: , vendor: , offHeap -> name: offHeap, amount: 0, script: , vendor: ), task resources: Map(cpus -> name: cpus, amount: 1.0)
26/06/10 03:19:03 INFO ResourceProfile: Limiting resource is cpu
26/06/10 03:19:03 INFO ResourceProfileManager: Added ResourceProfile id: 0
26/06/10 03:19:03 INFO SecurityManager: Changing view acls to: sparkuser,spark
26/06/10 03:19:03 INFO SecurityManager: Changing modify acls to: sparkuser,spark
26/06/10 03:19:03 INFO SecurityManager: Changing view acls groups to: 
26/06/10 03:19:03 INFO SecurityManager: Changing modify acls groups to: 
26/06/10 03:19:03 INFO SecurityManager: SecurityManager: authentication disabled; ui acls disabled; users with view permissions: sparkuser, spark; groups with view permissions: EMPTY; users with modify permissions: sparkuser, spark; groups with modify permissions: EMPTY
26/06/10 03:19:03 WARN NativeCodeLoader: Unable to load native-hadoop library for your platform... using builtin-java classes where applicable
26/06/10 03:19:03 INFO Utils: Successfully started service 'sparkDriver' on port 35357.
26/06/10 03:19:03 INFO SparkEnv: Registering MapOutputTracker
26/06/10 03:19:03 INFO SparkEnv: Registering BlockManagerMaster
26/06/10 03:19:03 INFO BlockManagerMasterEndpoint: Using org.apache.spark.storage.DefaultTopologyMapper for getting topology information
26/06/10 03:19:03 INFO BlockManagerMasterEndpoint: BlockManagerMasterEndpoint up
26/06/10 03:19:03 INFO SparkEnv: Registering BlockManagerMasterHeartbeat
26/06/10 03:19:03 INFO DiskBlockManager: Created local directory at /tmp/blockmgr-a6520622-be37-4517-977a-8184bb796039
26/06/10 03:19:03 INFO MemoryStore: MemoryStore started with capacity 434.4 MiB
26/06/10 03:19:03 INFO SparkEnv: Registering OutputCommitCoordinator
26/06/10 03:19:03 INFO JettyUtils: Start Jetty 0.0.0.0:4040 for SparkUI
26/06/10 03:19:03 INFO Utils: Successfully started service 'SparkUI' on port 4040.
26/06/10 03:19:03 INFO Executor: Starting executor ID driver on host 8ef5a0b9303c
26/06/10 03:19:03 INFO Executor: OS info Linux, 6.6.114.1-microsoft-standard-WSL2, amd64
26/06/10 03:19:03 INFO Executor: Java version 17.0.15
26/06/10 03:19:03 INFO Executor: Starting executor with user classpath (userClassPathFirst = false): ''
26/06/10 03:19:03 INFO Executor: Created or updated repl class loader org.apache.spark.util.MutableURLClassLoader@4ee17676 for default.
26/06/10 03:19:03 INFO Utils: Successfully started service 'org.apache.spark.network.netty.NettyBlockTransferService' on port 38149.
26/06/10 03:19:03 INFO NettyBlockTransferService: Server created on 8ef5a0b9303c:38149
26/06/10 03:19:03 INFO BlockManager: Using org.apache.spark.storage.RandomBlockReplicationPolicy for block replication policy
26/06/10 03:19:03 INFO BlockManagerMaster: Registering BlockManager BlockManagerId(driver, 8ef5a0b9303c, 38149, None)
26/06/10 03:19:03 INFO BlockManagerMasterEndpoint: Registering block manager 8ef5a0b9303c:38149 with 434.4 MiB RAM, BlockManagerId(driver, 8ef5a0b9303c, 38149, None)
26/06/10 03:19:03 INFO BlockManagerMaster: Registered BlockManager BlockManagerId(driver, 8ef5a0b9303c, 38149, None)
26/06/10 03:19:03 INFO BlockManager: Initialized BlockManager: BlockManagerId(driver, 8ef5a0b9303c, 38149, None)
2026-06-10 03:19:04,288 | INFO    | elt.extract_load | === ELT Extract+Load started (db=bigdata_elt) ===
26/06/10 03:19:10 WARN SessionState: METASTORE_FILTER_HOOK will be ignored, since hive.security.authorization.manager is set to instance of HiveAuthorizerFactory.
2026-06-10 03:19:11,150 | INFO    | elt.extract_load | raw_credit <- synthetic_credit_clients.csv rows=150000 cols=25
26/06/10 03:19:12 WARN MemoryManager: Total allocation exceeds 95.00% (1,020,054,720 bytes) of heap memory
Scaling row group sizes to 95.00% for 8 writers
26/06/10 03:19:12 WARN MemoryManager: Total allocation exceeds 95.00% (1,020,054,720 bytes) of heap memory
Scaling row group sizes to 84.44% for 9 writers
26/06/10 03:19:12 WARN MemoryManager: Total allocation exceeds 95.00% (1,020,054,720 bytes) of heap memory
Scaling row group sizes to 76.00% for 10 writers
26/06/10 03:19:12 WARN MemoryManager: Total allocation exceeds 95.00% (1,020,054,720 bytes) of heap memory
Scaling row group sizes to 69.09% for 11 writers
26/06/10 03:19:12 WARN MemoryManager: Total allocation exceeds 95.00% (1,020,054,720 bytes) of heap memory
Scaling row group sizes to 63.33% for 12 writers
26/06/10 03:19:13 WARN MemoryManager: Total allocation exceeds 95.00% (1,020,054,720 bytes) of heap memory
Scaling row group sizes to 58.46% for 13 writers
26/06/10 03:19:13 WARN MemoryManager: Total allocation exceeds 95.00% (1,020,054,720 bytes) of heap memory
Scaling row group sizes to 54.29% for 14 writers
26/06/10 03:19:13 WARN MemoryManager: Total allocation exceeds 95.00% (1,020,054,720 bytes) of heap memory
Scaling row group sizes to 50.67% for 15 writers
26/06/10 03:19:13 WARN MemoryManager: Total allocation exceeds 95.00% (1,020,054,720 bytes) of heap memory
Scaling row group sizes to 47.50% for 16 writers
26/06/10 03:19:13 WARN MemoryManager: Total allocation exceeds 95.00% (1,020,054,720 bytes) of heap memory
Scaling row group sizes to 44.71% for 17 writers
26/06/10 03:19:13 WARN MemoryManager: Total allocation exceeds 95.00% (1,020,054,720 bytes) of heap memory
Scaling row group sizes to 42.22% for 18 writers
26/06/10 03:19:13 WARN MemoryManager: Total allocation exceeds 95.00% (1,020,054,720 bytes) of heap memory
Scaling row group sizes to 44.71% for 17 writers
26/06/10 03:19:13 WARN MemoryManager: Total allocation exceeds 95.00% (1,020,054,720 bytes) of heap memory
Scaling row group sizes to 42.22% for 18 writers
26/06/10 03:19:13 WARN MemoryManager: Total allocation exceeds 95.00% (1,020,054,720 bytes) of heap memory
Scaling row group sizes to 44.71% for 17 writers
26/06/10 03:19:13 WARN MemoryManager: Total allocation exceeds 95.00% (1,020,054,720 bytes) of heap memory
Scaling row group sizes to 47.50% for 16 writers
26/06/10 03:19:13 WARN MemoryManager: Total allocation exceeds 95.00% (1,020,054,720 bytes) of heap memory
Scaling row group sizes to 50.67% for 15 writers
26/06/10 03:19:13 WARN MemoryManager: Total allocation exceeds 95.00% (1,020,054,720 bytes) of heap memory
Scaling row group sizes to 54.29% for 14 writers
26/06/10 03:19:13 WARN MemoryManager: Total allocation exceeds 95.00% (1,020,054,720 bytes) of heap memory
Scaling row group sizes to 58.46% for 13 writers
26/06/10 03:19:13 WARN MemoryManager: Total allocation exceeds 95.00% (1,020,054,720 bytes) of heap memory
Scaling row group sizes to 63.33% for 12 writers
26/06/10 03:19:13 WARN MemoryManager: Total allocation exceeds 95.00% (1,020,054,720 bytes) of heap memory
Scaling row group sizes to 69.09% for 11 writers
26/06/10 03:19:13 WARN MemoryManager: Total allocation exceeds 95.00% (1,020,054,720 bytes) of heap memory
Scaling row group sizes to 76.00% for 10 writers
26/06/10 03:19:13 WARN MemoryManager: Total allocation exceeds 95.00% (1,020,054,720 bytes) of heap memory
Scaling row group sizes to 84.44% for 9 writers
26/06/10 03:19:13 WARN MemoryManager: Total allocation exceeds 95.00% (1,020,054,720 bytes) of heap memory
Scaling row group sizes to 76.00% for 10 writers
26/06/10 03:19:13 WARN MemoryManager: Total allocation exceeds 95.00% (1,020,054,720 bytes) of heap memory
Scaling row group sizes to 84.44% for 9 writers
26/06/10 03:19:13 WARN MemoryManager: Total allocation exceeds 95.00% (1,020,054,720 bytes) of heap memory
Scaling row group sizes to 95.00% for 8 writers
2026-06-10 03:19:13,417 | INFO    | elt.extract_load | raw_macro rows=48 (series=4)
2026-06-10 03:19:13,701 | INFO    | elt.extract_load | [ELT/extract_load] status=OK rows=150048 duration=9.40s peak_rss=80.5MB
2026-06-10 03:19:13,702 | INFO    | elt.extract_load | === ELT Extract+Load finished (rows=150048) ===
