26/06/10 08:51:36 INFO SparkContext: Running Spark version 3.5.6
26/06/10 08:51:36 INFO SparkContext: OS info Linux, 6.6.114.1-microsoft-standard-WSL2, amd64
26/06/10 08:51:36 INFO SparkContext: Java version 17.0.15
26/06/10 08:51:36 INFO ResourceUtils: ==============================================================
26/06/10 08:51:36 INFO ResourceUtils: No custom resources configured for spark.driver.
26/06/10 08:51:36 INFO ResourceUtils: ==============================================================
26/06/10 08:51:36 INFO SparkContext: Submitted application: dashboard-kpis
26/06/10 08:51:36 INFO ResourceProfile: Default ResourceProfile created, executor resources: Map(cores -> name: cores, amount: 1, script: , vendor: , memory -> name: memory, amount: 1024, script: , vendor: , offHeap -> name: offHeap, amount: 0, script: , vendor: ), task resources: Map(cpus -> name: cpus, amount: 1.0)
26/06/10 08:51:36 INFO ResourceProfile: Limiting resource is cpu
26/06/10 08:51:36 INFO ResourceProfileManager: Added ResourceProfile id: 0
26/06/10 08:51:36 INFO SecurityManager: Changing view acls to: root,spark
26/06/10 08:51:36 INFO SecurityManager: Changing modify acls to: root,spark
26/06/10 08:51:36 INFO SecurityManager: Changing view acls groups to: 
26/06/10 08:51:36 INFO SecurityManager: Changing modify acls groups to: 
26/06/10 08:51:36 INFO SecurityManager: SecurityManager: authentication disabled; ui acls disabled; users with view permissions: root, spark; groups with view permissions: EMPTY; users with modify permissions: root, spark; groups with modify permissions: EMPTY
26/06/10 08:51:37 WARN NativeCodeLoader: Unable to load native-hadoop library for your platform... using builtin-java classes where applicable
26/06/10 08:51:37 INFO Utils: Successfully started service 'sparkDriver' on port 40869.
26/06/10 08:51:37 INFO SparkEnv: Registering MapOutputTracker
26/06/10 08:51:37 INFO SparkEnv: Registering BlockManagerMaster
26/06/10 08:51:37 INFO BlockManagerMasterEndpoint: Using org.apache.spark.storage.DefaultTopologyMapper for getting topology information
26/06/10 08:51:37 INFO BlockManagerMasterEndpoint: BlockManagerMasterEndpoint up
26/06/10 08:51:37 INFO SparkEnv: Registering BlockManagerMasterHeartbeat
26/06/10 08:51:37 INFO DiskBlockManager: Created local directory at /tmp/blockmgr-47438731-cb40-472c-94bf-af981c69ba08
26/06/10 08:51:37 INFO MemoryStore: MemoryStore started with capacity 434.4 MiB
26/06/10 08:51:37 INFO SparkEnv: Registering OutputCommitCoordinator
26/06/10 08:51:37 INFO JettyUtils: Start Jetty 0.0.0.0:4040 for SparkUI
26/06/10 08:51:37 INFO Utils: Successfully started service 'SparkUI' on port 4040.
26/06/10 08:51:37 INFO Executor: Starting executor ID driver on host 2ec9f575afb8
26/06/10 08:51:37 INFO Executor: OS info Linux, 6.6.114.1-microsoft-standard-WSL2, amd64
26/06/10 08:51:37 INFO Executor: Java version 17.0.15
26/06/10 08:51:37 INFO Executor: Starting executor with user classpath (userClassPathFirst = false): ''
26/06/10 08:51:37 INFO Executor: Created or updated repl class loader org.apache.spark.util.MutableURLClassLoader@5b88b49e for default.
26/06/10 08:51:37 INFO Utils: Successfully started service 'org.apache.spark.network.netty.NettyBlockTransferService' on port 40751.
26/06/10 08:51:37 INFO NettyBlockTransferService: Server created on 2ec9f575afb8:40751
26/06/10 08:51:37 INFO BlockManager: Using org.apache.spark.storage.RandomBlockReplicationPolicy for block replication policy
26/06/10 08:51:37 INFO BlockManagerMaster: Registering BlockManager BlockManagerId(driver, 2ec9f575afb8, 40751, None)
26/06/10 08:51:37 INFO BlockManagerMasterEndpoint: Registering block manager 2ec9f575afb8:40751 with 434.4 MiB RAM, BlockManagerId(driver, 2ec9f575afb8, 40751, None)
26/06/10 08:51:37 INFO BlockManagerMaster: Registered BlockManager BlockManagerId(driver, 2ec9f575afb8, 40751, None)
26/06/10 08:51:37 INFO BlockManager: Initialized BlockManager: BlockManagerId(driver, 2ec9f575afb8, 40751, None)
2026-06-10 08:51:37,874 | INFO    | dashboard.kpis | === Building dashboard KPI tables ===
2026-06-10 08:51:37,884 | INFO    | dashboard.kpis | --- KPI statement 1 ---
2026-06-10 08:51:40,001 | INFO    | dashboard.kpis | --- KPI statement 2 ---
26/06/10 08:51:42 WARN SessionState: METASTORE_FILTER_HOOK will be ignored, since hive.security.authorization.manager is set to instance of HiveAuthorizerFactory.
2026-06-10 08:51:42,694 | INFO    | dashboard.kpis | --- KPI statement 3 ---
2026-06-10 08:51:42,716 | INFO    | dashboard.kpis | --- KPI statement 4 ---
2026-06-10 08:51:44,276 | INFO    | dashboard.kpis | --- KPI statement 5 ---
2026-06-10 08:51:44,307 | INFO    | dashboard.kpis | --- KPI statement 6 ---
2026-06-10 08:51:45,728 | INFO    | dashboard.kpis | --- KPI statement 7 ---
2026-06-10 08:51:45,744 | INFO    | dashboard.kpis | --- KPI statement 8 ---
2026-06-10 08:51:46,290 | INFO    | dashboard.kpis | --- KPI statement 9 ---
2026-06-10 08:51:46,305 | INFO    | dashboard.kpis | --- KPI statement 10 ---
2026-06-10 08:51:46,547 | INFO    | dashboard.kpis | --- KPI statement 11 ---
2026-06-10 08:51:46,563 | INFO    | dashboard.kpis | --- KPI statement 12 ---
2026-06-10 08:51:46,868 | INFO    | dashboard.kpis | --- KPI statement 13 ---
2026-06-10 08:51:46,881 | INFO    | dashboard.kpis | --- KPI statement 14 ---
2026-06-10 08:51:47,212 | INFO    | dashboard.kpis | --- KPI statement 15 ---
2026-06-10 08:51:47,226 | INFO    | dashboard.kpis | --- KPI statement 16 ---
2026-06-10 08:51:47,676 | INFO    | dashboard.kpis | KPI tables in bigdata_etl:
+-----------+----------------------------+-----------+
|namespace  |tableName                   |isTemporary|
+-----------+----------------------------+-----------+
|bigdata_etl|kpi_overall                 |false      |
|bigdata_etl|kpi_default_by_demographic  |false      |
|bigdata_etl|kpi_monthly_default_vs_macro|false      |
|bigdata_etl|kpi_corr_default_macro      |false      |
+-----------+----------------------------+-----------+

2026-06-10 08:51:48,495 | INFO    | dashboard.kpis | KPI tables in bigdata_elt:
+-----------+----------------------------+-----------+
|namespace  |tableName                   |isTemporary|
+-----------+----------------------------+-----------+
|bigdata_elt|kpi_overall                 |false      |
|bigdata_elt|kpi_default_by_demographic  |false      |
|bigdata_elt|kpi_monthly_default_vs_macro|false      |
|bigdata_elt|kpi_corr_default_macro      |false      |
+-----------+----------------------------+-----------+

2026-06-10 08:51:48,593 | INFO    | dashboard.kpis | === Dashboard KPI tables built ===
