2026-06-10 03:23:09,624 | INFO    | dashboard.kpis | === Building dashboard KPI tables ===
2026-06-10 03:23:09,658 | INFO    | dashboard.kpis | --- KPI statement 1 ---
2026-06-10 03:23:11,801 | INFO    | dashboard.kpis | --- KPI statement 2 ---
2026-06-10 03:23:14,447 | INFO    | dashboard.kpis | --- KPI statement 3 ---
2026-06-10 03:23:14,468 | INFO    | dashboard.kpis | --- KPI statement 4 ---
2026-06-10 03:23:15,989 | INFO    | dashboard.kpis | --- KPI statement 5 ---
2026-06-10 03:23:16,016 | INFO    | dashboard.kpis | --- KPI statement 6 ---
2026-06-10 03:23:17,578 | INFO    | dashboard.kpis | --- KPI statement 7 ---
2026-06-10 03:23:17,595 | INFO    | dashboard.kpis | --- KPI statement 8 ---
2026-06-10 03:23:18,083 | INFO    | dashboard.kpis | --- KPI statement 9 ---
2026-06-10 03:23:18,097 | INFO    | dashboard.kpis | --- KPI statement 10 ---
2026-06-10 03:23:18,339 | INFO    | dashboard.kpis | --- KPI statement 11 ---
2026-06-10 03:23:18,354 | INFO    | dashboard.kpis | --- KPI statement 12 ---
2026-06-10 03:23:18,664 | INFO    | dashboard.kpis | --- KPI statement 13 ---
2026-06-10 03:23:18,678 | INFO    | dashboard.kpis | --- KPI statement 14 ---
2026-06-10 03:23:19,009 | INFO    | dashboard.kpis | --- KPI statement 15 ---
2026-06-10 03:23:19,022 | INFO    | dashboard.kpis | --- KPI statement 16 ---
2026-06-10 03:23:19,485 | INFO    | dashboard.kpis | KPI tables in bigdata_etl:
2026-06-10 03:23:20,375 | INFO    | dashboard.kpis | KPI tables in bigdata_elt:
2026-06-10 03:23:20,496 | INFO    | dashboard.kpis | === Dashboard KPI tables built ===
2026-06-10 05:56:14,787 | INFO    | dashboard.kpis | === Building dashboard KPI tables ===
2026-06-10 05:56:14,824 | INFO    | dashboard.kpis | --- KPI statement 1 ---
2026-06-10 08:51:37,874 | INFO    | dashboard.kpis | === Building dashboard KPI tables ===
2026-06-10 08:51:37,884 | INFO    | dashboard.kpis | --- KPI statement 1 ---
2026-06-10 08:51:40,001 | INFO    | dashboard.kpis | --- KPI statement 2 ---
2026-06-10 08:51:42,694 | INFO    | dashboard.kpis | --- KPI statement 3 ---
2026-06-10 08:51:42,716 | INFO    | dashboard.kpis | --- KPI statement 4 ---
2026-06-10 08:51:44,276 | INFO    | dashboard.kpis | --- KPI statement 5 ---
2026-06-10 08:51:44,307 | INFO    | dashboard.kpis | --- KPI statement 6 ---
2026-06-10 08:51:45,728 | INFO    | dashboard.kpis | --- KPI statement 7 ---
2026-06-10 08:51:45,744 | INFO    | dashboard.kpis | --- KPI statement 8 ---
2026-06-10 08:51:46,290 | INFO    | dashboard.kpis | --- KPI statement 9 ---
2026-06-10 08:51:46,305 | INFO    | dashboard.kpis | --- KPI statement 10 ---
2026-06-10 08:51:46,547 | INFO    | dashboard.kpis | --- KPI statement 11 ---
2026-06-10 08:51:46,563 | INFO    | dashboard.kpis | --- KPI statement 12 ---
2026-06-10 08:51:46,868 | INFO    | dashboard.kpis | --- KPI statement 13 ---
2026-06-10 08:51:46,881 | INFO    | dashboard.kpis | --- KPI statement 14 ---
2026-06-10 08:51:47,212 | INFO    | dashboard.kpis | --- KPI statement 15 ---
2026-06-10 08:51:47,226 | INFO    | dashboard.kpis | --- KPI statement 16 ---
2026-06-10 08:51:47,676 | INFO    | dashboard.kpis | KPI tables in bigdata_etl:
2026-06-10 08:51:48,495 | INFO    | dashboard.kpis | KPI tables in bigdata_elt:
2026-06-10 08:51:48,593 | INFO    | dashboard.kpis | === Dashboard KPI tables built ===
2026-06-14 14:34:16,221 | INFO    | dashboard.kpis | === Building dashboard KPI tables ===
2026-06-14 14:34:16,227 | INFO    | dashboard.kpis | --- KPI statement 1 ---
2026-06-14 14:34:18,189 | INFO    | dashboard.kpis | --- KPI statement 2 ---
2026-06-14 14:34:20,743 | INFO    | dashboard.kpis | --- KPI statement 3 ---
2026-06-14 14:34:20,768 | INFO    | dashboard.kpis | --- KPI statement 4 ---
2026-06-14 14:34:22,171 | INFO    | dashboard.kpis | --- KPI statement 5 ---
2026-06-14 14:34:22,192 | INFO    | dashboard.kpis | --- KPI statement 6 ---
2026-06-14 14:34:23,679 | INFO    | dashboard.kpis | --- KPI statement 7 ---
2026-06-14 14:34:23,694 | INFO    | dashboard.kpis | --- KPI statement 8 ---
2026-06-14 14:34:24,344 | INFO    | dashboard.kpis | --- KPI statement 9 ---
2026-06-14 14:34:24,360 | INFO    | dashboard.kpis | --- KPI statement 10 ---
2026-06-14 14:34:24,599 | INFO    | dashboard.kpis | --- KPI statement 11 ---
2026-06-14 14:34:24,612 | INFO    | dashboard.kpis | --- KPI statement 12 ---
2026-06-14 14:34:24,906 | INFO    | dashboard.kpis | --- KPI statement 13 ---
2026-06-14 14:34:24,919 | INFO    | dashboard.kpis | --- KPI statement 14 ---
2026-06-14 14:34:25,247 | INFO    | dashboard.kpis | --- KPI statement 15 ---
2026-06-14 14:34:25,258 | INFO    | dashboard.kpis | --- KPI statement 16 ---
2026-06-14 14:34:25,760 | INFO    | dashboard.kpis | KPI tables in bigdata_etl:
2026-06-14 14:34:26,620 | INFO    | dashboard.kpis | KPI tables in bigdata_elt:
2026-06-14 14:34:26,736 | INFO    | dashboard.kpis | === Dashboard KPI tables built ===
